2025-09-16 23:09:29,322 [INFO] BEGIN (implicit)
2025-09-16 23:09:29,322 [INFO] PRAGMA main.table_info("patients")
2025-09-16 23:09:29,322 [INFO] [raw sql] ()
2025-09-16 23:09:29,322 [INFO] COMMIT
2025-09-16 23:09:29,363 [INFO] [31m[1mWARNING: This is a development server. Do not use it in a production deployment. Use a production WSGI server instead.[0m
 * Running on http://127.0.0.1:5000
2025-09-16 23:09:29,363 [INFO] [33mPress CTRL+C to quit[0m
2025-09-16 23:09:29,364 [INFO]  * Restarting with stat
2025-09-16 23:09:29,563 [INFO] BEGIN (implicit)
2025-09-16 23:09:29,563 [INFO] PRAGMA main.table_info("patients")
2025-09-16 23:09:29,563 [INFO] [raw sql] ()
2025-09-16 23:09:29,563 [INFO] COMMIT
2025-09-16 23:09:29,582 [WARNING]  * Debugger is active!
2025-09-16 23:09:29,596 [INFO]  * Debugger PIN: 739-087-724
2025-09-16 23:10:50,168 [INFO] 127.0.0.1 - - [16/Sep/2025 23:10:50] "[33mGET / HTTP/1.1[0m" 404 -
2025-09-16 23:11:00,781 [INFO] BEGIN (implicit)
2025-09-16 23:11:00,784 [INFO] SELECT patients.id AS patients_id, patients.name AS patients_name, patients.age AS patients_age, patients.disease AS patients_disease 
FROM patients
2025-09-16 23:11:00,785 [INFO] [generated in 0.00047s] ()
2025-09-16 23:11:00,786 [INFO] ROLLBACK
2025-09-16 23:11:00,786 [INFO] 127.0.0.1 - - [16/Sep/2025 23:11:00] "GET /patients HTTP/1.1" 200 -
2025-09-16 23:11:49,124 [INFO] BEGIN (implicit)
2025-09-16 23:11:49,125 [INFO] SELECT patients.id AS patients_id, patients.name AS patients_name, patients.age AS patients_age, patients.disease AS patients_disease 
FROM patients
2025-09-16 23:11:49,125 [INFO] [cached since 48.34s ago] ()
2025-09-16 23:11:49,126 [INFO] ROLLBACK
2025-09-16 23:11:49,126 [INFO] 127.0.0.1 - - [16/Sep/2025 23:11:49] "GET /patients HTTP/1.1" 200 -
2025-09-16 23:12:41,112 [ERROR] Unexpected error in create_patient route
Traceback (most recent call last):
  File "/Users/susama/cisco_py_250909/Project/hms/app/routes.py", line 21, in create_patient
    result = crud.create_patient(patient_dict)
  File "/Users/susama/cisco_py_250909/Project/hms/app/crud.py", line 13, in create_patient
    id=patient["id"],
       ~~~~~~~^^^^^^
KeyError: 'id'
2025-09-16 23:12:41,115 [INFO] 127.0.0.1 - - [16/Sep/2025 23:12:41] "[35m[1mPOST /patients HTTP/1.1[0m" 500 -
2025-09-16 23:14:32,665 [INFO] BEGIN (implicit)
2025-09-16 23:14:32,668 [INFO] INSERT INTO patients (id, name, age, disease) VALUES (?, ?, ?, ?)
2025-09-16 23:14:32,668 [INFO] [generated in 0.00042s] (101, 'John Doe', 45, 'Flu')
2025-09-16 23:14:32,669 [INFO] COMMIT
2025-09-16 23:14:32,671 [INFO] BEGIN (implicit)
2025-09-16 23:14:32,673 [INFO] SELECT patients.id AS patients_id, patients.name AS patients_name, patients.age AS patients_age, patients.disease AS patients_disease 
FROM patients 
WHERE patients.id = ?
2025-09-16 23:14:32,673 [INFO] [generated in 0.00024s] (101,)
2025-09-16 23:14:32,674 [INFO] SELECT patients.id AS patients_id, patients.name AS patients_name, patients.age AS patients_age, patients.disease AS patients_disease 
FROM patients 
WHERE patients.id = ?
 LIMIT ? OFFSET ?
2025-09-16 23:14:32,674 [INFO] [generated in 0.00016s] (101, 1, 0)
2025-09-16 23:15:00,308 [INFO] Email sent successfully to lasyam2023@gmail.com with subject: 2025-09-16 23:14:32 Patient John Doe Created
2025-09-16 23:15:00,310 [INFO] ROLLBACK
2025-09-16 23:15:00,310 [INFO] 127.0.0.1 - - [16/Sep/2025 23:15:00] "POST /patients HTTP/1.1" 200 -
2025-09-16 23:15:09,300 [INFO] BEGIN (implicit)
2025-09-16 23:15:09,301 [INFO] SELECT patients.id AS patients_id, patients.name AS patients_name, patients.age AS patients_age, patients.disease AS patients_disease 
FROM patients
2025-09-16 23:15:09,301 [INFO] [cached since 248.5s ago] ()
2025-09-16 23:15:09,302 [INFO] ROLLBACK
2025-09-16 23:15:09,302 [INFO] 127.0.0.1 - - [16/Sep/2025 23:15:09] "GET /patients HTTP/1.1" 200 -
2025-09-16 23:16:50,744 [INFO]  * Detected change in '/Users/susama/cisco_py_250909/Project/hms/app/db.py', reloading
2025-09-16 23:16:50,833 [INFO]  * Restarting with stat
2025-09-16 23:16:51,145 [INFO] BEGIN (implicit)
2025-09-16 23:16:51,145 [INFO] PRAGMA main.table_info("patients")
2025-09-16 23:16:51,145 [INFO] [raw sql] ()
2025-09-16 23:16:51,145 [INFO] COMMIT
2025-09-16 23:16:51,171 [WARNING]  * Debugger is active!
2025-09-16 23:16:51,186 [INFO]  * Debugger PIN: 739-087-724
2025-09-16 23:17:00,264 [INFO]  * Detected change in '/Users/susama/cisco_py_250909/Project/hms/app/config.py', reloading
2025-09-16 23:17:00,354 [INFO]  * Restarting with stat
2025-09-16 23:17:00,568 [INFO] BEGIN (implicit)
2025-09-16 23:17:00,568 [INFO] PRAGMA main.table_info("patients")
2025-09-16 23:17:00,568 [INFO] [raw sql] ()
2025-09-16 23:17:00,568 [INFO] COMMIT
2025-09-16 23:17:00,589 [WARNING]  * Debugger is active!
2025-09-16 23:17:00,602 [INFO]  * Debugger PIN: 739-087-724
2025-09-16 23:17:03,631 [INFO]  * Detected change in '/Users/susama/cisco_py_250909/Project/hms/app/db.py', reloading
2025-09-16 23:17:03,718 [INFO]  * Restarting with stat
2025-09-16 23:17:03,974 [INFO] BEGIN (implicit)
2025-09-16 23:17:03,974 [INFO] PRAGMA main.table_info("patients")
2025-09-16 23:17:03,975 [INFO] [raw sql] ()
2025-09-16 23:17:03,975 [INFO] COMMIT
2025-09-16 23:17:03,995 [WARNING]  * Debugger is active!
2025-09-16 23:17:04,008 [INFO]  * Debugger PIN: 739-087-724
2025-09-16 23:17:06,024 [INFO]  * Detected change in '/Users/susama/cisco_py_250909/Project/hms/app/emailer.py', reloading
2025-09-16 23:17:06,086 [INFO]  * Restarting with stat
2025-09-16 23:17:06,306 [INFO] BEGIN (implicit)
2025-09-16 23:17:06,306 [INFO] PRAGMA main.table_info("patients")
2025-09-16 23:17:06,306 [INFO] [raw sql] ()
2025-09-16 23:17:06,306 [INFO] COMMIT
2025-09-16 23:17:06,325 [WARNING]  * Debugger is active!
2025-09-16 23:17:06,338 [INFO]  * Debugger PIN: 739-087-724
2025-09-16 23:17:08,357 [INFO]  * Detected change in '/Users/susama/cisco_py_250909/Project/hms/app/exceptions.py', reloading
2025-09-16 23:17:08,430 [INFO]  * Restarting with stat
2025-09-16 23:17:08,631 [INFO] BEGIN (implicit)
2025-09-16 23:17:08,631 [INFO] PRAGMA main.table_info("patients")
2025-09-16 23:17:08,631 [INFO] [raw sql] ()
2025-09-16 23:17:08,631 [INFO] COMMIT
2025-09-16 23:17:08,651 [WARNING]  * Debugger is active!
2025-09-16 23:17:08,663 [INFO]  * Debugger PIN: 739-087-724
2025-09-16 23:17:40,964 [INFO] BEGIN (implicit)
2025-09-16 23:17:40,967 [INFO] SELECT patients.id AS patients_id, patients.name AS patients_name, patients.age AS patients_age, patients.disease AS patients_disease 
FROM patients
2025-09-16 23:17:40,967 [INFO] [generated in 0.00029s] ()
2025-09-16 23:17:40,969 [INFO] ROLLBACK
2025-09-16 23:17:40,969 [INFO] 127.0.0.1 - - [16/Sep/2025 23:17:40] "GET /patients HTTP/1.1" 200 -
2025-09-16 23:19:25,668 [INFO] BEGIN (implicit)
2025-09-16 23:19:25,668 [INFO] PRAGMA main.table_info("patients")
2025-09-16 23:19:25,668 [INFO] [raw sql] ()
2025-09-16 23:19:25,668 [INFO] COMMIT
2025-09-16 23:19:25,692 [INFO] [31m[1mWARNING: This is a development server. Do not use it in a production deployment. Use a production WSGI server instead.[0m
 * Running on http://127.0.0.1:5000
2025-09-16 23:19:25,692 [INFO] [33mPress CTRL+C to quit[0m
2025-09-16 23:19:25,693 [INFO]  * Restarting with stat
2025-09-16 23:19:25,891 [INFO] BEGIN (implicit)
2025-09-16 23:19:25,891 [INFO] PRAGMA main.table_info("patients")
2025-09-16 23:19:25,891 [INFO] [raw sql] ()
2025-09-16 23:19:25,891 [INFO] COMMIT
2025-09-16 23:19:25,911 [WARNING]  * Debugger is active!
2025-09-16 23:19:25,923 [INFO]  * Debugger PIN: 739-087-724
2025-09-16 23:19:42,072 [INFO] BEGIN (implicit)
2025-09-16 23:19:42,075 [INFO] SELECT patients.id AS patients_id, patients.name AS patients_name, patients.age AS patients_age, patients.disease AS patients_disease 
FROM patients
2025-09-16 23:19:42,076 [INFO] [generated in 0.00054s] ()
2025-09-16 23:19:42,077 [INFO] ROLLBACK
2025-09-16 23:19:42,078 [INFO] 127.0.0.1 - - [16/Sep/2025 23:19:42] "GET /patients HTTP/1.1" 200 -
2025-09-16 23:20:14,583 [INFO] BEGIN (implicit)
2025-09-16 23:20:14,584 [INFO] SELECT patients.id AS patients_id, patients.name AS patients_name, patients.age AS patients_age, patients.disease AS patients_disease 
FROM patients
2025-09-16 23:20:14,584 [INFO] [cached since 32.51s ago] ()
2025-09-16 23:20:14,585 [INFO] ROLLBACK
2025-09-16 23:20:14,585 [INFO] 127.0.0.1 - - [16/Sep/2025 23:20:14] "GET /patients HTTP/1.1" 200 -
2025-09-16 23:27:46,509 [INFO]  * Detected change in '/Users/susama/cisco_py_250909/Project/hms/app/emailer.py', reloading
2025-09-16 23:27:46,595 [INFO]  * Restarting with stat
2025-09-16 23:27:46,892 [INFO] BEGIN (implicit)
2025-09-16 23:27:46,892 [INFO] PRAGMA main.table_info("patients")
2025-09-16 23:27:46,893 [INFO] [raw sql] ()
2025-09-16 23:27:46,893 [INFO] COMMIT
2025-09-16 23:27:46,916 [WARNING]  * Debugger is active!
2025-09-16 23:27:46,929 [INFO]  * Debugger PIN: 739-087-724
2025-09-16 23:29:17,494 [INFO] BEGIN (implicit)
2025-09-16 23:29:17,496 [INFO] SELECT patients.id AS patients_id, patients.name AS patients_name, patients.age AS patients_age, patients.disease AS patients_disease 
FROM patients
2025-09-16 23:29:17,496 [INFO] [generated in 0.00037s] ()
2025-09-16 23:29:17,498 [INFO] ROLLBACK
2025-09-16 23:29:17,498 [INFO] 127.0.0.1 - - [16/Sep/2025 23:29:17] "GET /patients HTTP/1.1" 200 -
2025-09-16 23:29:51,096 [INFO] BEGIN (implicit)
2025-09-16 23:29:51,097 [INFO] SELECT patients.id AS patients_id, patients.name AS patients_name, patients.age AS patients_age, patients.disease AS patients_disease 
FROM patients 
WHERE patients.id = ?
 LIMIT ? OFFSET ?
2025-09-16 23:29:51,097 [INFO] [generated in 0.00016s] (1, 1, 0)
2025-09-16 23:29:51,099 [INFO] DELETE FROM patients WHERE patients.id = ?
2025-09-16 23:29:51,099 [INFO] [generated in 0.00019s] (1,)
2025-09-16 23:29:51,100 [INFO] COMMIT
2025-09-16 23:29:51,101 [INFO] 127.0.0.1 - - [16/Sep/2025 23:29:51] "DELETE /patients/1 HTTP/1.1" 200 -
2025-09-16 23:29:53,932 [INFO] BEGIN (implicit)
2025-09-16 23:29:53,933 [INFO] SELECT patients.id AS patients_id, patients.name AS patients_name, patients.age AS patients_age, patients.disease AS patients_disease 
FROM patients 
WHERE patients.id = ?
 LIMIT ? OFFSET ?
2025-09-16 23:29:53,933 [INFO] [cached since 2.836s ago] (2, 1, 0)
2025-09-16 23:29:53,934 [INFO] DELETE FROM patients WHERE patients.id = ?
2025-09-16 23:29:53,934 [INFO] [cached since 2.835s ago] (2,)
2025-09-16 23:29:53,935 [INFO] COMMIT
2025-09-16 23:29:53,937 [INFO] 127.0.0.1 - - [16/Sep/2025 23:29:53] "DELETE /patients/2 HTTP/1.1" 200 -
2025-09-16 23:29:56,023 [INFO] BEGIN (implicit)
2025-09-16 23:29:56,024 [INFO] SELECT patients.id AS patients_id, patients.name AS patients_name, patients.age AS patients_age, patients.disease AS patients_disease 
FROM patients 
WHERE patients.id = ?
 LIMIT ? OFFSET ?
2025-09-16 23:29:56,024 [INFO] [cached since 4.927s ago] (3, 1, 0)
2025-09-16 23:29:56,025 [INFO] DELETE FROM patients WHERE patients.id = ?
2025-09-16 23:29:56,025 [INFO] [cached since 4.926s ago] (3,)
2025-09-16 23:29:56,025 [INFO] COMMIT
2025-09-16 23:29:56,028 [INFO] 127.0.0.1 - - [16/Sep/2025 23:29:56] "DELETE /patients/3 HTTP/1.1" 200 -
2025-09-16 23:29:59,649 [INFO] BEGIN (implicit)
2025-09-16 23:29:59,649 [INFO] SELECT patients.id AS patients_id, patients.name AS patients_name, patients.age AS patients_age, patients.disease AS patients_disease 
FROM patients 
WHERE patients.id = ?
 LIMIT ? OFFSET ?
2025-09-16 23:29:59,649 [INFO] [cached since 8.552s ago] (4, 1, 0)
2025-09-16 23:29:59,650 [INFO] DELETE FROM patients WHERE patients.id = ?
2025-09-16 23:29:59,650 [INFO] [cached since 8.551s ago] (4,)
2025-09-16 23:29:59,650 [INFO] COMMIT
2025-09-16 23:29:59,652 [INFO] 127.0.0.1 - - [16/Sep/2025 23:29:59] "DELETE /patients/4 HTTP/1.1" 200 -
2025-09-16 23:30:02,773 [INFO] BEGIN (implicit)
2025-09-16 23:30:02,774 [INFO] SELECT patients.id AS patients_id, patients.name AS patients_name, patients.age AS patients_age, patients.disease AS patients_disease 
FROM patients 
WHERE patients.id = ?
 LIMIT ? OFFSET ?
2025-09-16 23:30:02,774 [INFO] [cached since 11.68s ago] (101, 1, 0)
2025-09-16 23:30:02,775 [INFO] DELETE FROM patients WHERE patients.id = ?
2025-09-16 23:30:02,775 [INFO] [cached since 11.68s ago] (101,)
2025-09-16 23:30:02,776 [INFO] COMMIT
2025-09-16 23:30:02,778 [INFO] 127.0.0.1 - - [16/Sep/2025 23:30:02] "DELETE /patients/101 HTTP/1.1" 200 -
2025-09-16 23:30:11,877 [INFO] BEGIN (implicit)
2025-09-16 23:30:11,878 [INFO] SELECT patients.id AS patients_id, patients.name AS patients_name, patients.age AS patients_age, patients.disease AS patients_disease 
FROM patients
2025-09-16 23:30:11,878 [INFO] [cached since 54.38s ago] ()
2025-09-16 23:30:11,878 [INFO] ROLLBACK
2025-09-16 23:30:11,879 [INFO] 127.0.0.1 - - [16/Sep/2025 23:30:11] "GET /patients HTTP/1.1" 200 -
2025-09-16 23:30:56,163 [INFO] BEGIN (implicit)
2025-09-16 23:30:56,164 [INFO] SELECT patients.id AS patients_id, patients.name AS patients_name, patients.age AS patients_age, patients.disease AS patients_disease 
FROM patients
2025-09-16 23:30:56,164 [INFO] [cached since 98.67s ago] ()
2025-09-16 23:30:56,165 [INFO] ROLLBACK
2025-09-16 23:30:56,165 [INFO] 127.0.0.1 - - [16/Sep/2025 23:30:56] "GET /patients HTTP/1.1" 200 -
2025-09-16 23:32:07,535 [INFO] BEGIN (implicit)
2025-09-16 23:32:07,537 [INFO] INSERT INTO patients (id, name, age, disease) VALUES (?, ?, ?, ?)
2025-09-16 23:32:07,537 [INFO] [generated in 0.00025s] (1, 'John Doe', 45, 'Flu')
2025-09-16 23:32:07,539 [INFO] COMMIT
2025-09-16 23:32:07,541 [INFO] BEGIN (implicit)
2025-09-16 23:32:07,542 [INFO] SELECT patients.id AS patients_id, patients.name AS patients_name, patients.age AS patients_age, patients.disease AS patients_disease 
FROM patients 
WHERE patients.id = ?
2025-09-16 23:32:07,543 [INFO] [generated in 0.00021s] (1,)
2025-09-16 23:32:07,544 [INFO] SELECT patients.id AS patients_id, patients.name AS patients_name, patients.age AS patients_age, patients.disease AS patients_disease 
FROM patients 
WHERE patients.id = ?
 LIMIT ? OFFSET ?
2025-09-16 23:32:07,544 [INFO] [cached since 136.4s ago] (1, 1, 0)
2025-09-16 23:32:12,987 [INFO] Email sent successfully to sinchanas257@gmail.com with subject: 2025-09-16 23:32:07 Patient John Doe Created
2025-09-16 23:32:12,990 [INFO] ROLLBACK
2025-09-16 23:32:12,991 [INFO] 127.0.0.1 - - [16/Sep/2025 23:32:12] "POST /patients HTTP/1.1" 200 -
2025-09-16 23:32:19,681 [INFO] BEGIN (implicit)
2025-09-16 23:32:19,683 [INFO] SELECT patients.id AS patients_id, patients.name AS patients_name, patients.age AS patients_age, patients.disease AS patients_disease 
FROM patients
2025-09-16 23:32:19,684 [INFO] [cached since 182.2s ago] ()
2025-09-16 23:32:19,685 [INFO] ROLLBACK
2025-09-16 23:32:19,685 [INFO] 127.0.0.1 - - [16/Sep/2025 23:32:19] "GET /patients HTTP/1.1" 200 -
2025-09-16 23:32:31,500 [INFO] BEGIN (implicit)
2025-09-16 23:32:31,500 [INFO] INSERT INTO patients (id, name, age, disease) VALUES (?, ?, ?, ?)
2025-09-16 23:32:31,500 [INFO] [cached since 23.96s ago] (2, 'Jane Smith', 32, 'Diabetes')
2025-09-16 23:32:31,500 [INFO] COMMIT
2025-09-16 23:32:31,502 [INFO] BEGIN (implicit)
2025-09-16 23:32:31,502 [INFO] SELECT patients.id AS patients_id, patients.name AS patients_name, patients.age AS patients_age, patients.disease AS patients_disease 
FROM patients 
WHERE patients.id = ?
2025-09-16 23:32:31,502 [INFO] [cached since 23.96s ago] (2,)
2025-09-16 23:32:31,503 [INFO] SELECT patients.id AS patients_id, patients.name AS patients_name, patients.age AS patients_age, patients.disease AS patients_disease 
FROM patients 
WHERE patients.id = ?
 LIMIT ? OFFSET ?
2025-09-16 23:32:31,503 [INFO] [cached since 160.4s ago] (2, 1, 0)
2025-09-16 23:32:35,300 [INFO] Email sent successfully to sinchanas257@gmail.com with subject: 2025-09-16 23:32:31 Patient Jane Smith Created
2025-09-16 23:32:35,302 [INFO] ROLLBACK
2025-09-16 23:32:35,304 [INFO] 127.0.0.1 - - [16/Sep/2025 23:32:35] "POST /patients HTTP/1.1" 200 -
2025-09-16 23:32:45,264 [INFO] BEGIN (implicit)
2025-09-16 23:32:45,264 [INFO] INSERT INTO patients (id, name, age, disease) VALUES (?, ?, ?, ?)
2025-09-16 23:32:45,264 [INFO] [cached since 37.72s ago] (3, 'Michael Johnson', 60, 'Hypertension')
2025-09-16 23:32:45,265 [INFO] COMMIT
2025-09-16 23:32:45,267 [INFO] BEGIN (implicit)
2025-09-16 23:32:45,267 [INFO] SELECT patients.id AS patients_id, patients.name AS patients_name, patients.age AS patients_age, patients.disease AS patients_disease 
FROM patients 
WHERE patients.id = ?
2025-09-16 23:32:45,268 [INFO] [cached since 37.72s ago] (3,)
2025-09-16 23:32:45,268 [INFO] SELECT patients.id AS patients_id, patients.name AS patients_name, patients.age AS patients_age, patients.disease AS patients_disease 
FROM patients 
WHERE patients.id = ?
 LIMIT ? OFFSET ?
2025-09-16 23:32:45,268 [INFO] [cached since 174.2s ago] (3, 1, 0)
2025-09-16 23:32:49,159 [INFO] Email sent successfully to sinchanas257@gmail.com with subject: 2025-09-16 23:32:45 Patient Michael Johnson Created
2025-09-16 23:32:49,160 [INFO] ROLLBACK
2025-09-16 23:32:49,161 [INFO] 127.0.0.1 - - [16/Sep/2025 23:32:49] "POST /patients HTTP/1.1" 200 -
2025-09-16 23:32:57,080 [INFO] BEGIN (implicit)
2025-09-16 23:32:57,080 [INFO] INSERT INTO patients (id, name, age, disease) VALUES (?, ?, ?, ?)
2025-09-16 23:32:57,081 [INFO] [cached since 49.54s ago] (4, 'Emily Davis', 28, 'Asthma')
2025-09-16 23:32:57,082 [INFO] COMMIT
2025-09-16 23:32:57,084 [INFO] BEGIN (implicit)
2025-09-16 23:32:57,084 [INFO] SELECT patients.id AS patients_id, patients.name AS patients_name, patients.age AS patients_age, patients.disease AS patients_disease 
FROM patients 
WHERE patients.id = ?
2025-09-16 23:32:57,085 [INFO] [cached since 49.54s ago] (4,)
2025-09-16 23:32:57,085 [INFO] SELECT patients.id AS patients_id, patients.name AS patients_name, patients.age AS patients_age, patients.disease AS patients_disease 
FROM patients 
WHERE patients.id = ?
 LIMIT ? OFFSET ?
2025-09-16 23:32:57,085 [INFO] [cached since 186s ago] (4, 1, 0)
2025-09-16 23:33:01,659 [INFO] Email sent successfully to sinchanas257@gmail.com with subject: 2025-09-16 23:32:57 Patient Emily Davis Created
2025-09-16 23:33:01,665 [INFO] ROLLBACK
2025-09-16 23:33:01,666 [INFO] 127.0.0.1 - - [16/Sep/2025 23:33:01] "POST /patients HTTP/1.1" 200 -
2025-09-16 23:33:10,612 [INFO] BEGIN (implicit)
2025-09-16 23:33:10,613 [INFO] SELECT patients.id AS patients_id, patients.name AS patients_name, patients.age AS patients_age, patients.disease AS patients_disease 
FROM patients
2025-09-16 23:33:10,614 [INFO] [cached since 233.1s ago] ()
2025-09-16 23:33:10,615 [INFO] ROLLBACK
2025-09-16 23:33:10,615 [INFO] 127.0.0.1 - - [16/Sep/2025 23:33:10] "GET /patients HTTP/1.1" 200 -
2025-09-16 23:34:41,779 [INFO]  * Detected change in '/Users/susama/cisco_py_250909/Project/hms/app/emailer.py', reloading
2025-09-16 23:34:41,864 [INFO]  * Restarting with stat
2025-09-16 23:36:52,746 [INFO] BEGIN (implicit)
2025-09-16 23:36:52,746 [INFO] PRAGMA main.table_info("patients")
2025-09-16 23:36:52,746 [INFO] [raw sql] ()
2025-09-16 23:36:52,747 [INFO] COMMIT
2025-09-16 23:36:52,780 [INFO] [31m[1mWARNING: This is a development server. Do not use it in a production deployment. Use a production WSGI server instead.[0m
 * Running on http://127.0.0.1:5000
2025-09-16 23:36:52,780 [INFO] [33mPress CTRL+C to quit[0m
2025-09-16 23:36:52,781 [INFO]  * Restarting with stat
2025-09-16 23:36:52,977 [INFO] BEGIN (implicit)
2025-09-16 23:36:52,977 [INFO] PRAGMA main.table_info("patients")
2025-09-16 23:36:52,977 [INFO] [raw sql] ()
2025-09-16 23:36:52,977 [INFO] COMMIT
2025-09-16 23:36:52,996 [WARNING]  * Debugger is active!
2025-09-16 23:36:53,008 [INFO]  * Debugger PIN: 739-087-724
2025-09-16 23:37:08,311 [INFO] BEGIN (implicit)
2025-09-16 23:37:08,312 [INFO] INSERT INTO patients (id, name, age, disease) VALUES (?, ?, ?, ?)
2025-09-16 23:37:08,312 [INFO] [generated in 0.00021s] (5, 'Tommy', 32, 'Recovered')
2025-09-16 23:37:08,313 [INFO] COMMIT
2025-09-16 23:37:08,315 [INFO] BEGIN (implicit)
2025-09-16 23:37:08,317 [INFO] SELECT patients.id AS patients_id, patients.name AS patients_name, patients.age AS patients_age, patients.disease AS patients_disease 
FROM patients 
WHERE patients.id = ?
2025-09-16 23:37:08,317 [INFO] [generated in 0.00015s] (5,)
2025-09-16 23:37:08,318 [INFO] SELECT patients.id AS patients_id, patients.name AS patients_name, patients.age AS patients_age, patients.disease AS patients_disease 
FROM patients 
WHERE patients.id = ?
 LIMIT ? OFFSET ?
2025-09-16 23:37:08,318 [INFO] [generated in 0.00016s] (5, 1, 0)
2025-09-16 23:37:15,032 [INFO] Email sent successfully to sinchanas257@gmail.com with subject: 2025-09-16 23:37:08 Patient Tommy Created
2025-09-16 23:37:15,034 [INFO] ROLLBACK
2025-09-16 23:37:15,035 [INFO] 127.0.0.1 - - [16/Sep/2025 23:37:15] "POST /patients HTTP/1.1" 200 -
2025-09-16 23:37:38,086 [INFO] BEGIN (implicit)
2025-09-16 23:37:38,088 [INFO] SELECT patients.id AS patients_id, patients.name AS patients_name, patients.age AS patients_age, patients.disease AS patients_disease 
FROM patients
2025-09-16 23:37:38,088 [INFO] [generated in 0.00033s] ()
2025-09-16 23:37:38,089 [INFO] ROLLBACK
2025-09-16 23:37:38,089 [INFO] 127.0.0.1 - - [16/Sep/2025 23:37:38] "GET /patients HTTP/1.1" 200 -
2025-09-16 23:38:38,989 [INFO] BEGIN (implicit)
2025-09-16 23:38:38,989 [INFO] PRAGMA main.table_info("patients")
2025-09-16 23:38:38,989 [INFO] [raw sql] ()
2025-09-16 23:38:38,989 [INFO] COMMIT
2025-09-16 23:38:39,014 [INFO] [31m[1mWARNING: This is a development server. Do not use it in a production deployment. Use a production WSGI server instead.[0m
 * Running on http://127.0.0.1:5000
2025-09-16 23:38:39,014 [INFO] [33mPress CTRL+C to quit[0m
2025-09-16 23:38:39,014 [INFO]  * Restarting with stat
2025-09-16 23:38:39,213 [INFO] BEGIN (implicit)
2025-09-16 23:38:39,213 [INFO] PRAGMA main.table_info("patients")
2025-09-16 23:38:39,213 [INFO] [raw sql] ()
2025-09-16 23:38:39,213 [INFO] COMMIT
2025-09-16 23:38:39,232 [WARNING]  * Debugger is active!
2025-09-16 23:38:39,244 [INFO]  * Debugger PIN: 739-087-724
2025-09-16 23:39:44,845 [INFO]  * Detected change in '/Users/susama/cisco_py_250909/Project/hms/run.py', reloading
2025-09-16 23:39:44,913 [INFO]  * Restarting with stat
2025-09-16 23:39:45,111 [INFO] BEGIN (implicit)
2025-09-16 23:39:45,111 [INFO] PRAGMA main.table_info("patients")
2025-09-16 23:39:45,111 [INFO] [raw sql] ()
2025-09-16 23:39:45,111 [INFO] COMMIT
2025-09-16 23:39:45,130 [WARNING]  * Debugger is active!
2025-09-16 23:39:45,141 [INFO]  * Debugger PIN: 739-087-724
2025-09-16 23:39:46,154 [INFO]  * Detected change in '/Users/susama/cisco_py_250909/Project/hms/run.py', reloading
2025-09-16 23:39:46,221 [INFO]  * Restarting with stat
2025-09-16 23:39:46,430 [INFO] BEGIN (implicit)
2025-09-16 23:39:46,430 [INFO] PRAGMA main.table_info("patients")
2025-09-16 23:39:46,430 [INFO] [raw sql] ()
2025-09-16 23:39:46,430 [INFO] COMMIT
2025-09-16 23:39:46,449 [WARNING]  * Debugger is active!
2025-09-16 23:39:46,463 [INFO]  * Debugger PIN: 739-087-724
2025-09-16 23:40:01,592 [INFO]  * Detected change in '/Users/susama/cisco_py_250909/Project/hms/run.py', reloading
2025-09-16 23:40:01,681 [INFO]  * Restarting with stat
2025-09-16 23:40:01,891 [INFO] BEGIN (implicit)
2025-09-16 23:40:01,891 [INFO] PRAGMA main.table_info("patients")
2025-09-16 23:40:01,892 [INFO] [raw sql] ()
2025-09-16 23:40:01,892 [INFO] COMMIT
2025-09-16 23:40:01,912 [WARNING]  * Debugger is active!
2025-09-16 23:40:01,924 [INFO]  * Debugger PIN: 739-087-724
2025-09-16 23:41:34,786 [INFO]  * Detected change in '/Users/susama/cisco_py_250909/Project/hms/run.py', reloading
2025-09-16 23:41:34,871 [INFO]  * Restarting with stat
2025-09-16 23:41:35,084 [INFO] BEGIN (implicit)
2025-09-16 23:41:35,084 [INFO] PRAGMA main.table_info("patients")
2025-09-16 23:41:35,084 [INFO] [raw sql] ()
2025-09-16 23:41:35,084 [INFO] COMMIT
2025-09-16 23:41:35,103 [WARNING]  * Debugger is active!
2025-09-16 23:41:35,116 [INFO]  * Debugger PIN: 739-087-724
2025-09-16 23:42:58,003 [INFO] BEGIN (implicit)
2025-09-16 23:42:58,006 [INFO] SELECT patients.id AS patients_id, patients.name AS patients_name, patients.age AS patients_age, patients.disease AS patients_disease 
FROM patients
2025-09-16 23:42:58,006 [INFO] [generated in 0.00031s] ()
2025-09-16 23:42:58,007 [INFO] ROLLBACK
2025-09-16 23:42:58,008 [INFO] 127.0.0.1 - - [16/Sep/2025 23:42:58] "GET /patients HTTP/1.1" 200 -
2025-09-16 23:43:08,095 [INFO] BEGIN (implicit)
2025-09-16 23:43:08,096 [INFO] SELECT patients.id AS patients_id, patients.name AS patients_name, patients.age AS patients_age, patients.disease AS patients_disease 
FROM patients
2025-09-16 23:43:08,096 [INFO] [cached since 10.09s ago] ()
2025-09-16 23:43:08,096 [INFO] ROLLBACK
2025-09-16 23:43:08,097 [INFO] 127.0.0.1 - - [16/Sep/2025 23:43:08] "GET /patients HTTP/1.1" 200 -
2025-09-17 07:28:23,630 [INFO] BEGIN (implicit)
2025-09-17 07:28:23,630 [INFO] PRAGMA main.table_info("patients")
2025-09-17 07:28:23,630 [INFO] [raw sql] ()
2025-09-17 07:28:23,630 [INFO] COMMIT
2025-09-17 07:28:43,169 [INFO] BEGIN (implicit)
2025-09-17 07:28:43,169 [INFO] PRAGMA main.table_info("patients")
2025-09-17 07:28:43,169 [INFO] [raw sql] ()
2025-09-17 07:28:43,169 [INFO] COMMIT
2025-09-17 07:28:43,195 [INFO] [31m[1mWARNING: This is a development server. Do not use it in a production deployment. Use a production WSGI server instead.[0m
 * Running on all addresses (0.0.0.0)
 * Running on http://127.0.0.1:5001
 * Running on http://192.168.18.61:5001
2025-09-17 07:28:43,195 [INFO] [33mPress CTRL+C to quit[0m
2025-09-17 07:28:43,195 [INFO]  * Restarting with stat
2025-09-17 07:28:43,391 [INFO] BEGIN (implicit)
2025-09-17 07:28:43,392 [INFO] PRAGMA main.table_info("patients")
2025-09-17 07:28:43,392 [INFO] [raw sql] ()
2025-09-17 07:28:43,392 [INFO] COMMIT
2025-09-17 07:28:43,412 [WARNING]  * Debugger is active!
2025-09-17 07:28:43,426 [INFO]  * Debugger PIN: 739-087-724
2025-09-17 07:29:07,200 [INFO] BEGIN (implicit)
2025-09-17 07:29:07,202 [INFO] SELECT patients.id AS patients_id, patients.name AS patients_name, patients.age AS patients_age, patients.disease AS patients_disease 
FROM patients
2025-09-17 07:29:07,202 [INFO] [generated in 0.00016s] ()
2025-09-17 07:29:07,203 [INFO] ROLLBACK
2025-09-17 07:29:07,203 [INFO] 127.0.0.1 - - [17/Sep/2025 07:29:07] "GET /patients HTTP/1.1" 200 -
2025-09-17 07:31:37,149 [INFO] 127.0.0.1 - - [17/Sep/2025 07:31:37] "[33mPOST /patients/batch-average HTTP/1.1[0m" 404 -
2025-09-17 07:34:41,687 [INFO]  * Detected change in '/Users/susama/cisco_py_250909/Project/hms/client/cli.py', reloading
2025-09-17 07:34:41,754 [INFO]  * Restarting with stat
2025-09-17 07:34:41,956 [INFO] BEGIN (implicit)
2025-09-17 07:34:41,956 [INFO] PRAGMA main.table_info("patients")
2025-09-17 07:34:41,956 [INFO] [raw sql] ()
2025-09-17 07:34:41,956 [INFO] COMMIT
2025-09-17 07:34:41,976 [WARNING]  * Debugger is active!
2025-09-17 07:34:41,988 [INFO]  * Debugger PIN: 739-087-724
2025-09-17 07:36:58,214 [INFO]  * Detected change in '/Users/susama/cisco_py_250909/Project/hms/app/routes.py', reloading
2025-09-17 07:36:58,267 [INFO]  * Restarting with stat
2025-09-17 07:36:58,476 [INFO] BEGIN (implicit)
2025-09-17 07:36:58,476 [INFO] PRAGMA main.table_info("patients")
2025-09-17 07:36:58,476 [INFO] [raw sql] ()
2025-09-17 07:36:58,476 [INFO] COMMIT
2025-09-17 07:36:58,497 [WARNING]  * Debugger is active!
2025-09-17 07:36:58,511 [INFO]  * Debugger PIN: 739-087-724
2025-09-17 07:37:07,686 [INFO] BEGIN (implicit)
2025-09-17 07:37:07,690 [INFO] SELECT patients.id AS patients_id, patients.name AS patients_name, patients.age AS patients_age, patients.disease AS patients_disease 
FROM patients
2025-09-17 07:37:07,690 [INFO] [generated in 0.00032s] ()
2025-09-17 07:37:07,691 [INFO] ROLLBACK
2025-09-17 07:37:07,692 [INFO] 127.0.0.1 - - [17/Sep/2025 07:37:07] "POST /patients/batch-average HTTP/1.1" 200 -
2025-09-17 07:39:31,442 [INFO] 127.0.0.1 - - [17/Sep/2025 07:39:31] "[31m[1mGET /patients/batch-average HTTP/1.1[0m" 405 -
2025-09-17 07:39:31,462 [INFO] 127.0.0.1 - - [17/Sep/2025 07:39:31] "[33mGET /favicon.ico HTTP/1.1[0m" 404 -
2025-09-17 07:39:36,197 [INFO] 127.0.0.1 - - [17/Sep/2025 07:39:36] "[33mGET /patients/ HTTP/1.1[0m" 404 -
2025-09-17 07:39:39,920 [INFO] BEGIN (implicit)
2025-09-17 07:39:39,921 [INFO] SELECT patients.id AS patients_id, patients.name AS patients_name, patients.age AS patients_age, patients.disease AS patients_disease 
FROM patients
2025-09-17 07:39:39,921 [INFO] [cached since 152.2s ago] ()
2025-09-17 07:39:39,922 [INFO] ROLLBACK
2025-09-17 07:39:39,922 [INFO] 127.0.0.1 - - [17/Sep/2025 07:39:39] "GET /patients HTTP/1.1" 200 -
2025-09-17 07:49:42,228 [INFO] BEGIN (implicit)
2025-09-17 07:49:42,228 [INFO] PRAGMA main.table_info("patients")
2025-09-17 07:49:42,228 [INFO] [raw sql] ()
2025-09-17 07:49:42,228 [INFO] COMMIT
2025-09-17 07:49:42,255 [INFO] [31m[1mWARNING: This is a development server. Do not use it in a production deployment. Use a production WSGI server instead.[0m
 * Running on all addresses (0.0.0.0)
 * Running on http://127.0.0.1:5001
 * Running on http://192.168.18.61:5001
2025-09-17 07:49:42,255 [INFO] [33mPress CTRL+C to quit[0m
2025-09-17 07:49:42,256 [INFO]  * Restarting with stat
2025-09-17 07:49:42,457 [INFO] BEGIN (implicit)
2025-09-17 07:49:42,457 [INFO] PRAGMA main.table_info("patients")
2025-09-17 07:49:42,457 [INFO] [raw sql] ()
2025-09-17 07:49:42,458 [INFO] COMMIT
2025-09-17 07:49:42,476 [WARNING]  * Debugger is active!
2025-09-17 07:49:42,489 [INFO]  * Debugger PIN: 739-087-724
2025-09-17 07:49:54,797 [INFO] 127.0.0.1 - - [17/Sep/2025 07:49:54] "[33mGET /patients/ HTTP/1.1[0m" 404 -
2025-09-17 07:50:01,783 [INFO] BEGIN (implicit)
2025-09-17 07:50:01,786 [INFO] SELECT patients.id AS patients_id, patients.name AS patients_name, patients.age AS patients_age, patients.disease AS patients_disease 
FROM patients
2025-09-17 07:50:01,786 [INFO] [generated in 0.00033s] ()
2025-09-17 07:50:01,787 [INFO] ROLLBACK
2025-09-17 07:50:01,788 [INFO] 127.0.0.1 - - [17/Sep/2025 07:50:01] "GET /patients HTTP/1.1" 200 -
2025-09-17 09:23:25,045 [INFO]  * Detected change in '/Users/susama/cisco_py_250909/Project/hms/app/batch_calc.py', reloading
2025-09-17 09:23:25,104 [INFO]  * Restarting with stat
2025-09-17 09:23:25,393 [INFO] BEGIN (implicit)
2025-09-17 09:23:25,393 [INFO] PRAGMA main.table_info("patients")
2025-09-17 09:23:25,393 [INFO] [raw sql] ()
2025-09-17 09:23:25,393 [INFO] COMMIT
2025-09-17 09:23:25,418 [WARNING]  * Debugger is active!
2025-09-17 09:23:25,431 [INFO]  * Debugger PIN: 739-087-724
2025-09-17 09:25:05,299 [INFO]  * Detected change in '/Users/susama/cisco_py_250909/Project/hms/app/batch_calc.py', reloading
2025-09-17 09:25:05,349 [INFO]  * Restarting with stat
2025-09-17 09:25:05,609 [INFO] BEGIN (implicit)
2025-09-17 09:25:05,610 [INFO] PRAGMA main.table_info("patients")
2025-09-17 09:25:05,610 [INFO] [raw sql] ()
2025-09-17 09:25:05,610 [INFO] COMMIT
2025-09-17 09:25:05,633 [WARNING]  * Debugger is active!
2025-09-17 09:25:05,645 [INFO]  * Debugger PIN: 739-087-724
2025-09-17 09:25:06,655 [INFO]  * Detected change in '/Users/susama/cisco_py_250909/Project/hms/app/batch_calc.py', reloading
2025-09-17 09:25:06,713 [INFO]  * Restarting with stat
2025-09-17 09:25:06,923 [INFO] BEGIN (implicit)
2025-09-17 09:25:06,923 [INFO] PRAGMA main.table_info("patients")
2025-09-17 09:25:06,923 [INFO] [raw sql] ()
2025-09-17 09:25:06,924 [INFO] COMMIT
2025-09-17 09:25:06,944 [WARNING]  * Debugger is active!
2025-09-17 09:25:06,956 [INFO]  * Debugger PIN: 739-087-724
2025-09-17 09:25:21,069 [INFO]  * Detected change in '/Users/susama/cisco_py_250909/Project/hms/app/batch_calc.py', reloading
2025-09-17 09:25:21,131 [INFO]  * Restarting with stat
2025-09-17 09:25:21,344 [INFO] BEGIN (implicit)
2025-09-17 09:25:21,344 [INFO] PRAGMA main.table_info("patients")
2025-09-17 09:25:21,344 [INFO] [raw sql] ()
2025-09-17 09:25:21,344 [INFO] COMMIT
2025-09-17 09:25:21,363 [WARNING]  * Debugger is active!
2025-09-17 09:25:21,376 [INFO]  * Debugger PIN: 739-087-724
2025-09-17 09:28:17,864 [INFO]  * Detected change in '/Users/susama/cisco_py_250909/Project/hms/app/crud.py', reloading
2025-09-17 09:28:17,940 [INFO]  * Restarting with stat
2025-09-17 09:28:18,158 [INFO] BEGIN (implicit)
2025-09-17 09:28:18,158 [INFO] PRAGMA main.table_info("patients")
2025-09-17 09:28:18,158 [INFO] [raw sql] ()
2025-09-17 09:28:18,158 [INFO] COMMIT
2025-09-17 09:28:18,178 [WARNING]  * Debugger is active!
2025-09-17 09:28:18,192 [INFO]  * Debugger PIN: 739-087-724
2025-09-17 09:30:07,136 [INFO]  * Detected change in '/Users/susama/cisco_py_250909/Project/hms/app/emailer.py', reloading
2025-09-17 09:30:07,223 [INFO]  * Restarting with stat
2025-09-17 09:30:07,512 [INFO] BEGIN (implicit)
2025-09-17 09:30:07,512 [INFO] PRAGMA main.table_info("patients")
2025-09-17 09:30:07,512 [INFO] [raw sql] ()
2025-09-17 09:30:07,513 [INFO] COMMIT
2025-09-17 09:30:07,536 [WARNING]  * Debugger is active!
2025-09-17 09:30:07,548 [INFO]  * Debugger PIN: 739-087-724
2025-09-17 09:35:47,416 [INFO] BEGIN (implicit)
2025-09-17 09:35:47,418 [INFO] SELECT patients.id AS patients_id, patients.name AS patients_name, patients.age AS patients_age, patients.disease AS patients_disease 
FROM patients
2025-09-17 09:35:47,418 [INFO] [generated in 0.00019s] ()
2025-09-17 09:35:47,420 [INFO] ROLLBACK
2025-09-17 09:35:47,420 [INFO] 127.0.0.1 - - [17/Sep/2025 09:35:47] "GET /patients HTTP/1.1" 200 -
2025-09-17 09:51:59,869 [INFO]  * Detected change in '/Users/susama/cisco_py_250909/Project/hms/app/routes.py', reloading
2025-09-17 09:51:59,959 [INFO]  * Restarting with stat
2025-09-17 09:52:00,291 [INFO] BEGIN (implicit)
2025-09-17 09:52:00,291 [INFO] PRAGMA main.table_info("patients")
2025-09-17 09:52:00,291 [INFO] [raw sql] ()
2025-09-17 09:52:00,291 [INFO] COMMIT
2025-09-17 09:52:00,322 [WARNING]  * Debugger is active!
2025-09-17 09:52:00,339 [INFO]  * Debugger PIN: 739-087-724
2025-09-17 09:52:12,266 [INFO] BEGIN (implicit)
2025-09-17 09:52:12,269 [INFO] SELECT patients.id AS patients_id, patients.name AS patients_name, patients.age AS patients_age, patients.disease AS patients_disease 
FROM patients
2025-09-17 09:52:12,269 [INFO] [generated in 0.00027s] ()
2025-09-17 09:52:12,270 [INFO] ROLLBACK
2025-09-17 09:52:12,270 [INFO] 127.0.0.1 - - [17/Sep/2025 09:52:12] "GET /patients HTTP/1.1" 200 -
2025-09-17 09:52:13,433 [INFO] BEGIN (implicit)
2025-09-17 09:52:13,434 [INFO] SELECT patients.id AS patients_id, patients.name AS patients_name, patients.age AS patients_age, patients.disease AS patients_disease 
FROM patients
2025-09-17 09:52:13,434 [INFO] [cached since 1.165s ago] ()
2025-09-17 09:52:13,434 [INFO] ROLLBACK
2025-09-17 09:52:13,434 [INFO] 127.0.0.1 - - [17/Sep/2025 09:52:13] "GET /patients HTTP/1.1" 200 -
2025-09-17 10:02:06,423 [INFO]  * Detected change in '/Users/susama/cisco_py_250909/Project/hms/tests/test_batch_calc.py', reloading
2025-09-17 10:02:06,476 [INFO]  * Restarting with stat
2025-09-17 10:02:06,793 [INFO] BEGIN (implicit)
2025-09-17 10:02:06,794 [INFO] PRAGMA main.table_info("patients")
2025-09-17 10:02:06,794 [INFO] [raw sql] ()
2025-09-17 10:02:06,794 [INFO] COMMIT
2025-09-17 10:02:06,820 [WARNING]  * Debugger is active!
2025-09-17 10:02:06,833 [INFO]  * Debugger PIN: 739-087-724
2025-09-17 10:10:43,129 [INFO]  * Detected change in '/Users/susama/cisco_py_250909/Project/hms/tests/test_batch_calc.py', reloading
2025-09-17 10:10:43,212 [INFO]  * Restarting with stat
2025-09-17 10:10:43,512 [INFO] BEGIN (implicit)
2025-09-17 10:10:43,512 [INFO] PRAGMA main.table_info("patients")
2025-09-17 10:10:43,512 [INFO] [raw sql] ()
2025-09-17 10:10:43,512 [INFO] COMMIT
2025-09-17 10:10:43,538 [WARNING]  * Debugger is active!
2025-09-17 10:10:43,554 [INFO]  * Debugger PIN: 739-087-724
2025-09-17 10:12:12,336 [INFO]  * Detected change in '/Users/susama/cisco_py_250909/Project/hms/tests/test_batch_calc.py', reloading
2025-09-17 10:12:12,416 [INFO]  * Restarting with stat
2025-09-17 10:12:12,706 [INFO] BEGIN (implicit)
2025-09-17 10:12:12,706 [INFO] PRAGMA main.table_info("patients")
2025-09-17 10:12:12,706 [INFO] [raw sql] ()
2025-09-17 10:12:12,706 [INFO] COMMIT
2025-09-17 10:12:12,730 [WARNING]  * Debugger is active!
2025-09-17 10:12:12,742 [INFO]  * Debugger PIN: 739-087-724
2025-09-17 10:12:24,839 [INFO]  * Detected change in '/Users/susama/cisco_py_250909/Project/hms/tests/test_crud.py', reloading
2025-09-17 10:12:24,922 [INFO]  * Restarting with stat
2025-09-17 10:12:25,151 [INFO] BEGIN (implicit)
2025-09-17 10:12:25,152 [INFO] PRAGMA main.table_info("patients")
2025-09-17 10:12:25,152 [INFO] [raw sql] ()
2025-09-17 10:12:25,152 [INFO] COMMIT
2025-09-17 10:12:25,175 [WARNING]  * Debugger is active!
2025-09-17 10:12:25,189 [INFO]  * Debugger PIN: 739-087-724
2025-09-17 10:20:02,203 [INFO]  * Detected change in '/Users/susama/cisco_py_250909/Project/hms/app/scraper.py', reloading
2025-09-17 10:20:02,282 [INFO]  * Restarting with stat
2025-09-17 10:20:02,581 [INFO] BEGIN (implicit)
2025-09-17 10:20:02,581 [INFO] PRAGMA main.table_info("patients")
2025-09-17 10:20:02,582 [INFO] [raw sql] ()
2025-09-17 10:20:02,582 [INFO] COMMIT
2025-09-17 10:20:02,607 [WARNING]  * Debugger is active!
2025-09-17 10:20:02,620 [INFO]  * Debugger PIN: 739-087-724
2025-09-17 10:20:03,634 [INFO]  * Detected change in '/Users/susama/cisco_py_250909/Project/hms/app/scraper.py', reloading
2025-09-17 10:20:03,694 [INFO]  * Restarting with stat
2025-09-17 10:20:03,910 [INFO] BEGIN (implicit)
2025-09-17 10:20:03,910 [INFO] PRAGMA main.table_info("patients")
2025-09-17 10:20:03,910 [INFO] [raw sql] ()
2025-09-17 10:20:03,911 [INFO] COMMIT
2025-09-17 10:20:03,931 [WARNING]  * Debugger is active!
2025-09-17 10:20:03,944 [INFO]  * Debugger PIN: 739-087-724
2025-09-17 10:20:04,957 [INFO]  * Detected change in '/Users/susama/cisco_py_250909/Project/hms/app/scraper.py', reloading
2025-09-17 10:20:05,044 [INFO]  * Restarting with stat
2025-09-17 10:20:05,259 [INFO] BEGIN (implicit)
2025-09-17 10:20:05,259 [INFO] PRAGMA main.table_info("patients")
2025-09-17 10:20:05,259 [INFO] [raw sql] ()
2025-09-17 10:20:05,259 [INFO] COMMIT
2025-09-17 10:20:05,279 [WARNING]  * Debugger is active!
2025-09-17 10:20:05,293 [INFO]  * Debugger PIN: 739-087-724
2025-09-17 10:20:06,306 [INFO]  * Detected change in '/Users/susama/cisco_py_250909/Project/hms/app/scraper.py', reloading
2025-09-17 10:20:06,384 [INFO]  * Restarting with stat
2025-09-17 10:20:06,601 [INFO] BEGIN (implicit)
2025-09-17 10:20:06,601 [INFO] PRAGMA main.table_info("patients")
2025-09-17 10:20:06,601 [INFO] [raw sql] ()
2025-09-17 10:20:06,602 [INFO] COMMIT
2025-09-17 10:20:06,622 [WARNING]  * Debugger is active!
2025-09-17 10:20:06,636 [INFO]  * Debugger PIN: 739-087-724
2025-09-17 10:31:56,226 [INFO] 127.0.0.1 - - [17/Sep/2025 10:31:56] "[31m[1mGET /patients/batch-average HTTP/1.1[0m" 405 -
2025-09-17 10:32:19,278 [INFO] BEGIN (implicit)
2025-09-17 10:32:19,278 [INFO] PRAGMA main.table_info("patients")
2025-09-17 10:32:19,278 [INFO] [raw sql] ()
2025-09-17 10:32:19,279 [INFO] COMMIT
2025-09-17 10:32:19,313 [INFO] [31m[1mWARNING: This is a development server. Do not use it in a production deployment. Use a production WSGI server instead.[0m
 * Running on all addresses (0.0.0.0)
 * Running on http://127.0.0.1:5001
 * Running on http://10.233.0.225:5001
2025-09-17 10:32:19,313 [INFO] [33mPress CTRL+C to quit[0m
2025-09-17 10:32:19,314 [INFO]  * Restarting with stat
2025-09-17 10:32:19,517 [INFO] BEGIN (implicit)
2025-09-17 10:32:19,517 [INFO] PRAGMA main.table_info("patients")
2025-09-17 10:32:19,517 [INFO] [raw sql] ()
2025-09-17 10:32:19,517 [INFO] COMMIT
2025-09-17 10:32:19,537 [WARNING]  * Debugger is active!
2025-09-17 10:32:19,551 [INFO]  * Debugger PIN: 739-087-724
2025-09-17 10:32:42,621 [INFO] BEGIN (implicit)
2025-09-17 10:32:42,624 [INFO] SELECT patients.id AS patients_id, patients.name AS patients_name, patients.age AS patients_age, patients.disease AS patients_disease 
FROM patients
2025-09-17 10:32:42,624 [INFO] [generated in 0.00028s] ()
2025-09-17 10:32:42,626 [INFO] ROLLBACK
2025-09-17 10:32:42,626 [INFO] 127.0.0.1 - - [17/Sep/2025 10:32:42] "GET /patients HTTP/1.1" 200 -
2025-09-17 10:34:23,075 [INFO] BEGIN (implicit)
2025-09-17 10:34:23,077 [INFO] INSERT INTO patients (id, name, age, disease) VALUES (?, ?, ?, ?)
2025-09-17 10:34:23,078 [INFO] [generated in 0.00042s] (6, 'Sinchana', 22, 'Head-ache')
2025-09-17 10:34:23,079 [INFO] COMMIT
2025-09-17 10:34:23,082 [INFO] BEGIN (implicit)
2025-09-17 10:34:23,083 [INFO] SELECT patients.id AS patients_id, patients.name AS patients_name, patients.age AS patients_age, patients.disease AS patients_disease 
FROM patients 
WHERE patients.id = ?
2025-09-17 10:34:23,083 [INFO] [generated in 0.00024s] (6,)
2025-09-17 10:34:23,085 [INFO] SELECT patients.id AS patients_id, patients.name AS patients_name, patients.age AS patients_age, patients.disease AS patients_disease 
FROM patients 
WHERE patients.id = ?
 LIMIT ? OFFSET ?
2025-09-17 10:34:23,085 [INFO] [generated in 0.00026s] (6, 1, 0)
2025-09-17 10:34:27,774 [INFO] Email sent successfully to sinchanas257@gmail.com with subject: 2025-09-17 10:34:23 Patient Sinchana Created
2025-09-17 10:34:27,775 [INFO] ROLLBACK
2025-09-17 10:34:27,775 [INFO] 127.0.0.1 - - [17/Sep/2025 10:34:27] "POST /patients HTTP/1.1" 200 -
2025-09-17 10:34:48,567 [INFO] BEGIN (implicit)
2025-09-17 10:34:48,568 [INFO] SELECT patients.id AS patients_id, patients.name AS patients_name, patients.age AS patients_age, patients.disease AS patients_disease 
FROM patients 
WHERE patients.id = ?
 LIMIT ? OFFSET ?
2025-09-17 10:34:48,568 [INFO] [cached since 25.48s ago] (5, 1, 0)
2025-09-17 10:34:48,570 [INFO] DELETE FROM patients WHERE patients.id = ?
2025-09-17 10:34:48,570 [INFO] [generated in 0.00016s] (5,)
2025-09-17 10:34:48,570 [INFO] COMMIT
2025-09-17 10:34:48,572 [INFO] 127.0.0.1 - - [17/Sep/2025 10:34:48] "DELETE /patients/5 HTTP/1.1" 200 -
2025-09-17 10:34:56,528 [INFO] 127.0.0.1 - - [17/Sep/2025 10:34:56] "[31m[1mDELETE /patients/batch-average HTTP/1.1[0m" 405 -
2025-09-17 10:35:05,264 [INFO] 127.0.0.1 - - [17/Sep/2025 10:35:05] "[31m[1mGET /patients/batch-average HTTP/1.1[0m" 405 -
2025-09-17 10:35:08,095 [INFO] BEGIN (implicit)
2025-09-17 10:35:08,095 [INFO] SELECT patients.id AS patients_id, patients.name AS patients_name, patients.age AS patients_age, patients.disease AS patients_disease 
FROM patients
2025-09-17 10:35:08,095 [INFO] [cached since 145.5s ago] ()
2025-09-17 10:35:08,097 [INFO] ROLLBACK
2025-09-17 10:35:08,097 [INFO] 127.0.0.1 - - [17/Sep/2025 10:35:08] "POST /patients/batch-average HTTP/1.1" 200 -
2025-09-17 11:08:24,944 [INFO]  * Detected change in '/Users/susama/cisco_py_250909/Project/hms/app/batch_calc.py', reloading
2025-09-17 11:08:25,026 [INFO]  * Restarting with stat
2025-09-17 11:08:25,232 [INFO] BEGIN (implicit)
2025-09-17 11:08:25,232 [INFO] PRAGMA main.table_info("patients")
2025-09-17 11:08:25,232 [INFO] [raw sql] ()
2025-09-17 11:08:25,233 [INFO] COMMIT
2025-09-17 11:08:25,259 [WARNING]  * Debugger is active!
2025-09-17 11:08:25,278 [INFO]  * Debugger PIN: 739-087-724
2025-09-17 11:08:26,291 [INFO]  * Detected change in '/Users/susama/cisco_py_250909/Project/hms/app/batch_calc.py', reloading
2025-09-17 11:08:26,343 [INFO]  * Restarting with stat
2025-09-17 11:08:26,547 [INFO] BEGIN (implicit)
2025-09-17 11:08:26,547 [INFO] PRAGMA main.table_info("patients")
2025-09-17 11:08:26,547 [INFO] [raw sql] ()
2025-09-17 11:08:26,548 [INFO] COMMIT
2025-09-17 11:08:26,567 [WARNING]  * Debugger is active!
2025-09-17 11:08:26,578 [INFO]  * Debugger PIN: 739-087-724
2025-09-17 11:08:27,588 [INFO]  * Detected change in '/Users/susama/cisco_py_250909/Project/hms/app/batch_calc.py', reloading
2025-09-17 11:08:27,667 [INFO]  * Restarting with stat
2025-09-17 11:08:27,879 [INFO] BEGIN (implicit)
2025-09-17 11:08:27,879 [INFO] PRAGMA main.table_info("patients")
2025-09-17 11:08:27,879 [INFO] [raw sql] ()
2025-09-17 11:08:27,879 [INFO] COMMIT
2025-09-17 11:08:27,899 [WARNING]  * Debugger is active!
2025-09-17 11:08:27,912 [INFO]  * Debugger PIN: 739-087-724
2025-09-17 11:09:53,633 [INFO]  * Detected change in '/Users/susama/cisco_py_250909/Project/hms/app/batch_calc.py', reloading
2025-09-17 11:09:53,691 [INFO]  * Restarting with stat
2025-09-17 11:23:55,525 [INFO] BEGIN (implicit)
2025-09-17 11:23:55,525 [INFO] PRAGMA main.table_info("patients")
2025-09-17 11:23:55,526 [INFO] [raw sql] ()
2025-09-17 11:23:55,526 [INFO] COMMIT
2025-09-17 11:23:55,564 [INFO] [31m[1mWARNING: This is a development server. Do not use it in a production deployment. Use a production WSGI server instead.[0m
 * Running on all addresses (0.0.0.0)
 * Running on http://127.0.0.1:5001
 * Running on http://10.233.0.225:5001
2025-09-17 11:23:55,564 [INFO] [33mPress CTRL+C to quit[0m
2025-09-17 11:23:55,565 [INFO]  * Restarting with stat
2025-09-17 11:23:55,771 [INFO] BEGIN (implicit)
2025-09-17 11:23:55,772 [INFO] PRAGMA main.table_info("patients")
2025-09-17 11:23:55,772 [INFO] [raw sql] ()
2025-09-17 11:23:55,772 [INFO] COMMIT
2025-09-17 11:23:55,792 [WARNING]  * Debugger is active!
2025-09-17 11:23:55,804 [INFO]  * Debugger PIN: 739-087-724
2025-09-17 11:27:14,636 [INFO] BEGIN (implicit)
2025-09-17 11:27:14,638 [INFO] SELECT patients.id AS patients_id, patients.name AS patients_name, patients.age AS patients_age, patients.disease AS patients_disease 
FROM patients
2025-09-17 11:27:14,638 [INFO] [generated in 0.00021s] ()
2025-09-17 11:27:14,639 [INFO] ROLLBACK
2025-09-17 11:27:14,640 [INFO] 127.0.0.1 - - [17/Sep/2025 11:27:14] "GET /patients HTTP/1.1" 200 -
2025-09-17 11:37:12,600 [INFO] 127.0.0.1 - - [17/Sep/2025 11:37:12] "[31m[1mPUT /patients/batch-average HTTP/1.1[0m" 405 -
2025-09-17 11:37:16,796 [INFO] 127.0.0.1 - - [17/Sep/2025 11:37:16] "[31m[1mPUT /patients/batch-average HTTP/1.1[0m" 405 -
2025-09-17 11:37:17,576 [INFO] 127.0.0.1 - - [17/Sep/2025 11:37:17] "[31m[1mPUT /patients/batch-average HTTP/1.1[0m" 405 -
2025-09-17 11:37:18,004 [INFO] 127.0.0.1 - - [17/Sep/2025 11:37:18] "[31m[1mPUT /patients/batch-average HTTP/1.1[0m" 405 -
2025-09-17 11:37:18,212 [INFO] 127.0.0.1 - - [17/Sep/2025 11:37:18] "[31m[1mPUT /patients/batch-average HTTP/1.1[0m" 405 -
2025-09-17 11:37:18,418 [INFO] 127.0.0.1 - - [17/Sep/2025 11:37:18] "[31m[1mPUT /patients/batch-average HTTP/1.1[0m" 405 -
2025-09-17 11:37:18,616 [INFO] 127.0.0.1 - - [17/Sep/2025 11:37:18] "[31m[1mPUT /patients/batch-average HTTP/1.1[0m" 405 -
2025-09-17 11:37:18,835 [INFO] 127.0.0.1 - - [17/Sep/2025 11:37:18] "[31m[1mPUT /patients/batch-average HTTP/1.1[0m" 405 -
2025-09-17 11:37:18,995 [INFO] 127.0.0.1 - - [17/Sep/2025 11:37:18] "[31m[1mPUT /patients/batch-average HTTP/1.1[0m" 405 -
2025-09-17 11:42:41,798 [INFO] 127.0.0.1 - - [17/Sep/2025 11:42:41] "[31m[1mPUT /patients/batch-average HTTP/1.1[0m" 405 -
2025-09-17 11:42:45,819 [INFO] BEGIN (implicit)
2025-09-17 11:42:45,820 [INFO] SELECT patients.id AS patients_id, patients.name AS patients_name, patients.age AS patients_age, patients.disease AS patients_disease 
FROM patients
2025-09-17 11:42:45,820 [INFO] [cached since 931.2s ago] ()
2025-09-17 11:42:45,822 [ERROR] Unexpected error in batch_average route
Traceback (most recent call last):
  File "/Users/susama/cisco_py_250909/Project/hms/app/routes.py", line 131, in batch_average
    "overall_average": sum(batch_averages)/len(batch_averages) if batch_averages else 0
                       ~~~^^^^^^^^^^^^^^^^
TypeError: 'float' object is not iterable
2025-09-17 11:42:45,823 [INFO] ROLLBACK
2025-09-17 11:42:45,823 [INFO] 127.0.0.1 - - [17/Sep/2025 11:42:45] "[35m[1mPOST /patients/batch-average HTTP/1.1[0m" 500 -
2025-09-17 11:42:50,525 [INFO] 127.0.0.1 - - [17/Sep/2025 11:42:50] "[31m[1mGET /patients/batch-average HTTP/1.1[0m" 405 -
2025-09-17 11:42:54,485 [INFO] BEGIN (implicit)
2025-09-17 11:42:54,485 [INFO] SELECT patients.id AS patients_id, patients.name AS patients_name, patients.age AS patients_age, patients.disease AS patients_disease 
FROM patients
2025-09-17 11:42:54,485 [INFO] [cached since 939.9s ago] ()
2025-09-17 11:42:54,486 [ERROR] Unexpected error in batch_average route
Traceback (most recent call last):
  File "/Users/susama/cisco_py_250909/Project/hms/app/routes.py", line 131, in batch_average
    "overall_average": sum(batch_averages)/len(batch_averages) if batch_averages else 0
                       ~~~^^^^^^^^^^^^^^^^
TypeError: 'float' object is not iterable
2025-09-17 11:42:54,486 [INFO] ROLLBACK
2025-09-17 11:42:54,486 [INFO] 127.0.0.1 - - [17/Sep/2025 11:42:54] "[35m[1mPOST /patients/batch-average HTTP/1.1[0m" 500 -
2025-09-17 11:42:55,312 [INFO] BEGIN (implicit)
2025-09-17 11:42:55,312 [INFO] SELECT patients.id AS patients_id, patients.name AS patients_name, patients.age AS patients_age, patients.disease AS patients_disease 
FROM patients
2025-09-17 11:42:55,312 [INFO] [cached since 940.7s ago] ()
2025-09-17 11:42:55,313 [ERROR] Unexpected error in batch_average route
Traceback (most recent call last):
  File "/Users/susama/cisco_py_250909/Project/hms/app/routes.py", line 131, in batch_average
    "overall_average": sum(batch_averages)/len(batch_averages) if batch_averages else 0
                       ~~~^^^^^^^^^^^^^^^^
TypeError: 'float' object is not iterable
2025-09-17 11:42:55,314 [INFO] ROLLBACK
2025-09-17 11:42:55,314 [INFO] 127.0.0.1 - - [17/Sep/2025 11:42:55] "[35m[1mPOST /patients/batch-average HTTP/1.1[0m" 500 -
2025-09-17 11:42:55,499 [INFO] BEGIN (implicit)
2025-09-17 11:42:55,500 [INFO] SELECT patients.id AS patients_id, patients.name AS patients_name, patients.age AS patients_age, patients.disease AS patients_disease 
FROM patients
2025-09-17 11:42:55,500 [INFO] [cached since 940.9s ago] ()
2025-09-17 11:42:55,500 [ERROR] Unexpected error in batch_average route
Traceback (most recent call last):
  File "/Users/susama/cisco_py_250909/Project/hms/app/routes.py", line 131, in batch_average
    "overall_average": sum(batch_averages)/len(batch_averages) if batch_averages else 0
                       ~~~^^^^^^^^^^^^^^^^
TypeError: 'float' object is not iterable
2025-09-17 11:42:55,500 [INFO] ROLLBACK
2025-09-17 11:42:55,500 [INFO] 127.0.0.1 - - [17/Sep/2025 11:42:55] "[35m[1mPOST /patients/batch-average HTTP/1.1[0m" 500 -
2025-09-17 11:42:55,669 [INFO] BEGIN (implicit)
2025-09-17 11:42:55,670 [INFO] SELECT patients.id AS patients_id, patients.name AS patients_name, patients.age AS patients_age, patients.disease AS patients_disease 
FROM patients
2025-09-17 11:42:55,670 [INFO] [cached since 941s ago] ()
2025-09-17 11:42:55,671 [ERROR] Unexpected error in batch_average route
Traceback (most recent call last):
  File "/Users/susama/cisco_py_250909/Project/hms/app/routes.py", line 131, in batch_average
    "overall_average": sum(batch_averages)/len(batch_averages) if batch_averages else 0
                       ~~~^^^^^^^^^^^^^^^^
TypeError: 'float' object is not iterable
2025-09-17 11:42:55,672 [INFO] ROLLBACK
2025-09-17 11:42:55,672 [INFO] 127.0.0.1 - - [17/Sep/2025 11:42:55] "[35m[1mPOST /patients/batch-average HTTP/1.1[0m" 500 -
2025-09-17 11:42:55,865 [INFO] BEGIN (implicit)
2025-09-17 11:42:55,865 [INFO] SELECT patients.id AS patients_id, patients.name AS patients_name, patients.age AS patients_age, patients.disease AS patients_disease 
FROM patients
2025-09-17 11:42:55,865 [INFO] [cached since 941.2s ago] ()
2025-09-17 11:42:55,866 [ERROR] Unexpected error in batch_average route
Traceback (most recent call last):
  File "/Users/susama/cisco_py_250909/Project/hms/app/routes.py", line 131, in batch_average
    "overall_average": sum(batch_averages)/len(batch_averages) if batch_averages else 0
                       ~~~^^^^^^^^^^^^^^^^
TypeError: 'float' object is not iterable
2025-09-17 11:42:55,867 [INFO] ROLLBACK
2025-09-17 11:42:55,867 [INFO] 127.0.0.1 - - [17/Sep/2025 11:42:55] "[35m[1mPOST /patients/batch-average HTTP/1.1[0m" 500 -
2025-09-17 11:42:56,055 [INFO] BEGIN (implicit)
2025-09-17 11:42:56,055 [INFO] SELECT patients.id AS patients_id, patients.name AS patients_name, patients.age AS patients_age, patients.disease AS patients_disease 
FROM patients
2025-09-17 11:42:56,055 [INFO] [cached since 941.4s ago] ()
2025-09-17 11:42:56,056 [ERROR] Unexpected error in batch_average route
Traceback (most recent call last):
  File "/Users/susama/cisco_py_250909/Project/hms/app/routes.py", line 131, in batch_average
    "overall_average": sum(batch_averages)/len(batch_averages) if batch_averages else 0
                       ~~~^^^^^^^^^^^^^^^^
TypeError: 'float' object is not iterable
2025-09-17 11:42:56,057 [INFO] ROLLBACK
2025-09-17 11:42:56,058 [INFO] 127.0.0.1 - - [17/Sep/2025 11:42:56] "[35m[1mPOST /patients/batch-average HTTP/1.1[0m" 500 -
2025-09-17 11:48:05,780 [INFO]  * Detected change in '/Users/susama/cisco_py_250909/Project/hms/app/routes.py', reloading
2025-09-17 11:48:05,862 [INFO]  * Restarting with stat
2025-09-17 11:48:06,183 [INFO] BEGIN (implicit)
2025-09-17 11:48:06,184 [INFO] PRAGMA main.table_info("patients")
2025-09-17 11:48:06,184 [INFO] [raw sql] ()
2025-09-17 11:48:06,184 [INFO] COMMIT
2025-09-17 11:48:06,211 [WARNING]  * Debugger is active!
2025-09-17 11:48:06,224 [INFO]  * Debugger PIN: 739-087-724
2025-09-17 11:48:33,122 [INFO] BEGIN (implicit)
2025-09-17 11:48:33,124 [INFO] SELECT patients.id AS patients_id, patients.name AS patients_name, patients.age AS patients_age, patients.disease AS patients_disease 
FROM patients
2025-09-17 11:48:33,124 [INFO] [generated in 0.00012s] ()
2025-09-17 11:48:33,124 [ERROR] Unexpected error in batch_average route
Traceback (most recent call last):
  File "/Users/susama/cisco_py_250909/Project/hms/app/routes.py", line 131, in batch_average
    "overall_average": sum(batch_averages)/len(batch_averages) if batch_averages else 0
                       ~~~^^^^^^^^^^^^^^^^
TypeError: 'float' object is not iterable
2025-09-17 11:48:33,125 [INFO] ROLLBACK
2025-09-17 11:48:33,125 [INFO] 127.0.0.1 - - [17/Sep/2025 11:48:33] "[35m[1mPOST /patients/batch-average HTTP/1.1[0m" 500 -
2025-09-17 11:48:33,899 [INFO] BEGIN (implicit)
2025-09-17 11:48:33,899 [INFO] SELECT patients.id AS patients_id, patients.name AS patients_name, patients.age AS patients_age, patients.disease AS patients_disease 
FROM patients
2025-09-17 11:48:33,899 [INFO] [cached since 0.7756s ago] ()
2025-09-17 11:48:33,900 [ERROR] Unexpected error in batch_average route
Traceback (most recent call last):
  File "/Users/susama/cisco_py_250909/Project/hms/app/routes.py", line 131, in batch_average
    "overall_average": sum(batch_averages)/len(batch_averages) if batch_averages else 0
                       ~~~^^^^^^^^^^^^^^^^
TypeError: 'float' object is not iterable
2025-09-17 11:48:33,901 [INFO] ROLLBACK
2025-09-17 11:48:33,902 [INFO] 127.0.0.1 - - [17/Sep/2025 11:48:33] "[35m[1mPOST /patients/batch-average HTTP/1.1[0m" 500 -
2025-09-17 11:48:34,141 [INFO] BEGIN (implicit)
2025-09-17 11:48:34,141 [INFO] SELECT patients.id AS patients_id, patients.name AS patients_name, patients.age AS patients_age, patients.disease AS patients_disease 
FROM patients
2025-09-17 11:48:34,141 [INFO] [cached since 1.017s ago] ()
2025-09-17 11:48:34,142 [ERROR] Unexpected error in batch_average route
Traceback (most recent call last):
  File "/Users/susama/cisco_py_250909/Project/hms/app/routes.py", line 131, in batch_average
    "overall_average": sum(batch_averages)/len(batch_averages) if batch_averages else 0
                       ~~~^^^^^^^^^^^^^^^^
TypeError: 'float' object is not iterable
2025-09-17 11:48:34,142 [INFO] ROLLBACK
2025-09-17 11:48:34,143 [INFO] 127.0.0.1 - - [17/Sep/2025 11:48:34] "[35m[1mPOST /patients/batch-average HTTP/1.1[0m" 500 -
2025-09-17 11:48:34,305 [INFO] BEGIN (implicit)
2025-09-17 11:48:34,305 [INFO] SELECT patients.id AS patients_id, patients.name AS patients_name, patients.age AS patients_age, patients.disease AS patients_disease 
FROM patients
2025-09-17 11:48:34,306 [INFO] [cached since 1.182s ago] ()
2025-09-17 11:48:34,306 [ERROR] Unexpected error in batch_average route
Traceback (most recent call last):
  File "/Users/susama/cisco_py_250909/Project/hms/app/routes.py", line 131, in batch_average
    "overall_average": sum(batch_averages)/len(batch_averages) if batch_averages else 0
                       ~~~^^^^^^^^^^^^^^^^
TypeError: 'float' object is not iterable
2025-09-17 11:48:34,307 [INFO] ROLLBACK
2025-09-17 11:48:34,307 [INFO] 127.0.0.1 - - [17/Sep/2025 11:48:34] "[35m[1mPOST /patients/batch-average HTTP/1.1[0m" 500 -
2025-09-17 11:48:34,496 [INFO] BEGIN (implicit)
2025-09-17 11:48:34,496 [INFO] SELECT patients.id AS patients_id, patients.name AS patients_name, patients.age AS patients_age, patients.disease AS patients_disease 
FROM patients
2025-09-17 11:48:34,496 [INFO] [cached since 1.372s ago] ()
2025-09-17 11:48:34,497 [ERROR] Unexpected error in batch_average route
Traceback (most recent call last):
  File "/Users/susama/cisco_py_250909/Project/hms/app/routes.py", line 131, in batch_average
    "overall_average": sum(batch_averages)/len(batch_averages) if batch_averages else 0
                       ~~~^^^^^^^^^^^^^^^^
TypeError: 'float' object is not iterable
2025-09-17 11:48:34,498 [INFO] ROLLBACK
2025-09-17 11:48:34,498 [INFO] 127.0.0.1 - - [17/Sep/2025 11:48:34] "[35m[1mPOST /patients/batch-average HTTP/1.1[0m" 500 -
2025-09-17 12:04:05,561 [INFO]  * Detected change in '/Users/susama/cisco_py_250909/Project/hms/tests/test_crud.py', reloading
2025-09-17 12:04:05,650 [INFO]  * Restarting with stat
2025-09-17 12:04:05,978 [INFO] BEGIN (implicit)
2025-09-17 12:04:05,978 [INFO] PRAGMA main.table_info("patients")
2025-09-17 12:04:05,978 [INFO] [raw sql] ()
2025-09-17 12:04:05,978 [INFO] COMMIT
2025-09-17 12:04:06,003 [WARNING]  * Debugger is active!
2025-09-17 12:04:06,019 [INFO]  * Debugger PIN: 739-087-724
2025-09-17 12:04:07,031 [INFO]  * Detected change in '/Users/susama/cisco_py_250909/Project/hms/tests/test_batch_calc.py', reloading
2025-09-17 12:04:07,084 [INFO]  * Restarting with stat
2025-09-17 12:04:07,302 [INFO] BEGIN (implicit)
2025-09-17 12:04:07,303 [INFO] PRAGMA main.table_info("patients")
2025-09-17 12:04:07,303 [INFO] [raw sql] ()
2025-09-17 12:04:07,303 [INFO] COMMIT
2025-09-17 12:04:07,324 [WARNING]  * Debugger is active!
2025-09-17 12:04:07,338 [INFO]  * Debugger PIN: 739-087-724
2025-09-17 12:04:08,349 [INFO]  * Detected change in '/Users/susama/cisco_py_250909/Project/hms/tests/conftest.py', reloading
2025-09-17 12:04:08,430 [INFO]  * Restarting with stat
2025-09-17 12:04:08,643 [INFO] BEGIN (implicit)
2025-09-17 12:04:08,643 [INFO] PRAGMA main.table_info("patients")
2025-09-17 12:04:08,643 [INFO] [raw sql] ()
2025-09-17 12:04:08,643 [INFO] COMMIT
2025-09-17 12:04:08,664 [WARNING]  * Debugger is active!
2025-09-17 12:04:08,677 [INFO]  * Debugger PIN: 739-087-724
2025-09-17 12:04:16,405 [INFO] BEGIN (implicit)
2025-09-17 12:04:16,408 [INFO] SELECT patients.id AS patients_id, patients.name AS patients_name, patients.age AS patients_age, patients.disease AS patients_disease 
FROM patients
2025-09-17 12:04:16,408 [INFO] [generated in 0.00021s] ()
2025-09-17 12:04:16,409 [ERROR] Unexpected error in batch_average route
Traceback (most recent call last):
  File "/Users/susama/cisco_py_250909/Project/hms/app/routes.py", line 131, in batch_average
    "overall_average": sum(batch_averages)/len(batch_averages) if batch_averages else 0
                       ~~~^^^^^^^^^^^^^^^^
TypeError: 'float' object is not iterable
2025-09-17 12:04:16,410 [INFO] ROLLBACK
2025-09-17 12:04:16,410 [INFO] 127.0.0.1 - - [17/Sep/2025 12:04:16] "[35m[1mPOST /patients/batch-average HTTP/1.1[0m" 500 -
2025-09-17 12:04:17,127 [INFO] BEGIN (implicit)
2025-09-17 12:04:17,127 [INFO] SELECT patients.id AS patients_id, patients.name AS patients_name, patients.age AS patients_age, patients.disease AS patients_disease 
FROM patients
2025-09-17 12:04:17,127 [INFO] [cached since 0.7195s ago] ()
2025-09-17 12:04:17,127 [ERROR] Unexpected error in batch_average route
Traceback (most recent call last):
  File "/Users/susama/cisco_py_250909/Project/hms/app/routes.py", line 131, in batch_average
    "overall_average": sum(batch_averages)/len(batch_averages) if batch_averages else 0
                       ~~~^^^^^^^^^^^^^^^^
TypeError: 'float' object is not iterable
2025-09-17 12:04:17,128 [INFO] ROLLBACK
2025-09-17 12:04:17,128 [INFO] 127.0.0.1 - - [17/Sep/2025 12:04:17] "[35m[1mPOST /patients/batch-average HTTP/1.1[0m" 500 -
2025-09-17 12:04:17,407 [INFO] BEGIN (implicit)
2025-09-17 12:04:17,408 [INFO] SELECT patients.id AS patients_id, patients.name AS patients_name, patients.age AS patients_age, patients.disease AS patients_disease 
FROM patients
2025-09-17 12:04:17,408 [INFO] [cached since 1.001s ago] ()
2025-09-17 12:04:17,409 [ERROR] Unexpected error in batch_average route
Traceback (most recent call last):
  File "/Users/susama/cisco_py_250909/Project/hms/app/routes.py", line 131, in batch_average
    "overall_average": sum(batch_averages)/len(batch_averages) if batch_averages else 0
                       ~~~^^^^^^^^^^^^^^^^
TypeError: 'float' object is not iterable
2025-09-17 12:04:17,410 [INFO] ROLLBACK
2025-09-17 12:04:17,410 [INFO] 127.0.0.1 - - [17/Sep/2025 12:04:17] "[35m[1mPOST /patients/batch-average HTTP/1.1[0m" 500 -
2025-09-17 12:04:17,558 [INFO] BEGIN (implicit)
2025-09-17 12:04:17,558 [INFO] SELECT patients.id AS patients_id, patients.name AS patients_name, patients.age AS patients_age, patients.disease AS patients_disease 
FROM patients
2025-09-17 12:04:17,558 [INFO] [cached since 1.15s ago] ()
2025-09-17 12:04:17,558 [ERROR] Unexpected error in batch_average route
Traceback (most recent call last):
  File "/Users/susama/cisco_py_250909/Project/hms/app/routes.py", line 131, in batch_average
    "overall_average": sum(batch_averages)/len(batch_averages) if batch_averages else 0
                       ~~~^^^^^^^^^^^^^^^^
TypeError: 'float' object is not iterable
2025-09-17 12:04:17,559 [INFO] ROLLBACK
2025-09-17 12:04:17,559 [INFO] 127.0.0.1 - - [17/Sep/2025 12:04:17] "[35m[1mPOST /patients/batch-average HTTP/1.1[0m" 500 -
2025-09-17 12:04:17,757 [INFO] BEGIN (implicit)
2025-09-17 12:04:17,757 [INFO] SELECT patients.id AS patients_id, patients.name AS patients_name, patients.age AS patients_age, patients.disease AS patients_disease 
FROM patients
2025-09-17 12:04:17,758 [INFO] [cached since 1.35s ago] ()
2025-09-17 12:04:17,758 [ERROR] Unexpected error in batch_average route
Traceback (most recent call last):
  File "/Users/susama/cisco_py_250909/Project/hms/app/routes.py", line 131, in batch_average
    "overall_average": sum(batch_averages)/len(batch_averages) if batch_averages else 0
                       ~~~^^^^^^^^^^^^^^^^
TypeError: 'float' object is not iterable
2025-09-17 12:04:17,759 [INFO] ROLLBACK
2025-09-17 12:04:17,760 [INFO] 127.0.0.1 - - [17/Sep/2025 12:04:17] "[35m[1mPOST /patients/batch-average HTTP/1.1[0m" 500 -
2025-09-17 12:04:27,208 [INFO] 127.0.0.1 - - [17/Sep/2025 12:04:27] "[31m[1mGET /patients/batch-average HTTP/1.1[0m" 405 -
2025-09-17 12:04:31,913 [INFO] BEGIN (implicit)
2025-09-17 12:04:31,914 [INFO] SELECT patients.id AS patients_id, patients.name AS patients_name, patients.age AS patients_age, patients.disease AS patients_disease 
FROM patients
2025-09-17 12:04:31,914 [INFO] [cached since 15.51s ago] ()
2025-09-17 12:04:31,915 [INFO] ROLLBACK
2025-09-17 12:04:31,915 [INFO] 127.0.0.1 - - [17/Sep/2025 12:04:31] "GET /patients HTTP/1.1" 200 -
2025-09-17 12:04:40,303 [INFO] BEGIN (implicit)
2025-09-17 12:04:40,305 [INFO] SELECT patients.id AS patients_id, patients.name AS patients_name, patients.age AS patients_age, patients.disease AS patients_disease 
FROM patients 
WHERE patients.id = ?
 LIMIT ? OFFSET ?
2025-09-17 12:04:40,305 [INFO] [generated in 0.00026s] (1, 1, 0)
2025-09-17 12:04:40,306 [INFO] ROLLBACK
2025-09-17 12:04:40,306 [INFO] 127.0.0.1 - - [17/Sep/2025 12:04:40] "GET /patients/1 HTTP/1.1" 200 -
2025-09-17 12:04:44,344 [INFO] BEGIN (implicit)
2025-09-17 12:04:44,344 [INFO] SELECT patients.id AS patients_id, patients.name AS patients_name, patients.age AS patients_age, patients.disease AS patients_disease 
FROM patients 
WHERE patients.id = ?
 LIMIT ? OFFSET ?
2025-09-17 12:04:44,344 [INFO] [cached since 4.039s ago] (5, 1, 0)
2025-09-17 12:04:44,345 [INFO] ROLLBACK
2025-09-17 12:04:44,345 [INFO] 127.0.0.1 - - [17/Sep/2025 12:04:44] "[33mGET /patients/5 HTTP/1.1[0m" 404 -
2025-09-17 12:04:47,645 [INFO] BEGIN (implicit)
2025-09-17 12:04:47,646 [INFO] SELECT patients.id AS patients_id, patients.name AS patients_name, patients.age AS patients_age, patients.disease AS patients_disease 
FROM patients 
WHERE patients.id = ?
 LIMIT ? OFFSET ?
2025-09-17 12:04:47,646 [INFO] [cached since 7.341s ago] (4, 1, 0)
2025-09-17 12:04:47,646 [INFO] ROLLBACK
2025-09-17 12:04:47,647 [INFO] 127.0.0.1 - - [17/Sep/2025 12:04:47] "GET /patients/4 HTTP/1.1" 200 -
2025-09-17 12:04:54,606 [INFO] 127.0.0.1 - - [17/Sep/2025 12:04:54] "[33mGET /patients/batch-average/ HTTP/1.1[0m" 404 -
2025-09-17 12:04:57,596 [INFO] 127.0.0.1 - - [17/Sep/2025 12:04:57] "[31m[1mGET /patients/batch-average HTTP/1.1[0m" 405 -
2025-09-17 12:05:01,811 [INFO] BEGIN (implicit)
2025-09-17 12:05:01,812 [INFO] SELECT patients.id AS patients_id, patients.name AS patients_name, patients.age AS patients_age, patients.disease AS patients_disease 
FROM patients
2025-09-17 12:05:01,812 [INFO] [cached since 45.4s ago] ()
2025-09-17 12:05:01,813 [ERROR] Unexpected error in batch_average route
Traceback (most recent call last):
  File "/Users/susama/cisco_py_250909/Project/hms/app/routes.py", line 131, in batch_average
    "overall_average": sum(batch_averages)/len(batch_averages) if batch_averages else 0
                       ~~~^^^^^^^^^^^^^^^^
TypeError: 'float' object is not iterable
2025-09-17 12:05:01,813 [INFO] ROLLBACK
2025-09-17 12:05:01,814 [INFO] 127.0.0.1 - - [17/Sep/2025 12:05:01] "[35m[1mPOST /patients/batch-average HTTP/1.1[0m" 500 -
2025-09-17 12:12:22,072 [INFO]  * Detected change in '/Users/susama/cisco_py_250909/Project/hms/app/routes.py', reloading
2025-09-17 12:12:22,154 [INFO]  * Restarting with stat
2025-09-17 12:12:22,432 [INFO] BEGIN (implicit)
2025-09-17 12:12:22,432 [INFO] PRAGMA main.table_info("patients")
2025-09-17 12:12:22,432 [INFO] [raw sql] ()
2025-09-17 12:12:22,432 [INFO] COMMIT
2025-09-17 12:12:22,456 [WARNING]  * Debugger is active!
2025-09-17 12:12:22,469 [INFO]  * Debugger PIN: 739-087-724
2025-09-17 12:12:27,714 [INFO] BEGIN (implicit)
2025-09-17 12:12:27,717 [INFO] SELECT patients.id AS patients_id, patients.name AS patients_name, patients.age AS patients_age, patients.disease AS patients_disease 
FROM patients
2025-09-17 12:12:27,717 [INFO] [generated in 0.00031s] ()
2025-09-17 12:12:27,718 [ERROR] Unexpected error in batch_average route
Traceback (most recent call last):
  File "/Users/susama/cisco_py_250909/Project/hms/app/routes.py", line 135, in batch_average
    "overall_average": sum(batch_averages)/len(batch_averages) if batch_averages else 0
                       ~~~^^^^^^^^^^^^^^^^
TypeError: 'float' object is not iterable
2025-09-17 12:12:27,720 [INFO] ROLLBACK
2025-09-17 12:12:27,720 [INFO] 127.0.0.1 - - [17/Sep/2025 12:12:27] "[35m[1mPOST /patients/batch-average HTTP/1.1[0m" 500 -
2025-09-17 12:12:28,550 [INFO] BEGIN (implicit)
2025-09-17 12:12:28,550 [INFO] SELECT patients.id AS patients_id, patients.name AS patients_name, patients.age AS patients_age, patients.disease AS patients_disease 
FROM patients
2025-09-17 12:12:28,550 [INFO] [cached since 0.8334s ago] ()
2025-09-17 12:12:28,550 [ERROR] Unexpected error in batch_average route
Traceback (most recent call last):
  File "/Users/susama/cisco_py_250909/Project/hms/app/routes.py", line 135, in batch_average
    "overall_average": sum(batch_averages)/len(batch_averages) if batch_averages else 0
                       ~~~^^^^^^^^^^^^^^^^
TypeError: 'float' object is not iterable
2025-09-17 12:12:28,551 [INFO] ROLLBACK
2025-09-17 12:12:28,551 [INFO] 127.0.0.1 - - [17/Sep/2025 12:12:28] "[35m[1mPOST /patients/batch-average HTTP/1.1[0m" 500 -
2025-09-17 12:12:28,763 [INFO] BEGIN (implicit)
2025-09-17 12:12:28,764 [INFO] SELECT patients.id AS patients_id, patients.name AS patients_name, patients.age AS patients_age, patients.disease AS patients_disease 
FROM patients
2025-09-17 12:12:28,764 [INFO] [cached since 1.047s ago] ()
2025-09-17 12:12:28,765 [ERROR] Unexpected error in batch_average route
Traceback (most recent call last):
  File "/Users/susama/cisco_py_250909/Project/hms/app/routes.py", line 135, in batch_average
    "overall_average": sum(batch_averages)/len(batch_averages) if batch_averages else 0
                       ~~~^^^^^^^^^^^^^^^^
TypeError: 'float' object is not iterable
2025-09-17 12:12:28,766 [INFO] ROLLBACK
2025-09-17 12:12:28,766 [INFO] 127.0.0.1 - - [17/Sep/2025 12:12:28] "[35m[1mPOST /patients/batch-average HTTP/1.1[0m" 500 -
2025-09-17 12:12:28,933 [INFO] BEGIN (implicit)
2025-09-17 12:12:28,934 [INFO] SELECT patients.id AS patients_id, patients.name AS patients_name, patients.age AS patients_age, patients.disease AS patients_disease 
FROM patients
2025-09-17 12:12:28,934 [INFO] [cached since 1.217s ago] ()
2025-09-17 12:12:28,935 [ERROR] Unexpected error in batch_average route
Traceback (most recent call last):
  File "/Users/susama/cisco_py_250909/Project/hms/app/routes.py", line 135, in batch_average
    "overall_average": sum(batch_averages)/len(batch_averages) if batch_averages else 0
                       ~~~^^^^^^^^^^^^^^^^
TypeError: 'float' object is not iterable
2025-09-17 12:12:28,936 [INFO] ROLLBACK
2025-09-17 12:12:28,936 [INFO] 127.0.0.1 - - [17/Sep/2025 12:12:28] "[35m[1mPOST /patients/batch-average HTTP/1.1[0m" 500 -
2025-09-17 12:12:29,116 [INFO] BEGIN (implicit)
2025-09-17 12:12:29,116 [INFO] SELECT patients.id AS patients_id, patients.name AS patients_name, patients.age AS patients_age, patients.disease AS patients_disease 
FROM patients
2025-09-17 12:12:29,116 [INFO] [cached since 1.4s ago] ()
2025-09-17 12:12:29,117 [ERROR] Unexpected error in batch_average route
Traceback (most recent call last):
  File "/Users/susama/cisco_py_250909/Project/hms/app/routes.py", line 135, in batch_average
    "overall_average": sum(batch_averages)/len(batch_averages) if batch_averages else 0
                       ~~~^^^^^^^^^^^^^^^^
TypeError: 'float' object is not iterable
2025-09-17 12:12:29,117 [INFO] ROLLBACK
2025-09-17 12:12:29,117 [INFO] 127.0.0.1 - - [17/Sep/2025 12:12:29] "[35m[1mPOST /patients/batch-average HTTP/1.1[0m" 500 -
2025-09-17 12:12:29,300 [INFO] BEGIN (implicit)
2025-09-17 12:12:29,301 [INFO] SELECT patients.id AS patients_id, patients.name AS patients_name, patients.age AS patients_age, patients.disease AS patients_disease 
FROM patients
2025-09-17 12:12:29,301 [INFO] [cached since 1.584s ago] ()
2025-09-17 12:12:29,302 [ERROR] Unexpected error in batch_average route
Traceback (most recent call last):
  File "/Users/susama/cisco_py_250909/Project/hms/app/routes.py", line 135, in batch_average
    "overall_average": sum(batch_averages)/len(batch_averages) if batch_averages else 0
                       ~~~^^^^^^^^^^^^^^^^
TypeError: 'float' object is not iterable
2025-09-17 12:12:29,303 [INFO] ROLLBACK
2025-09-17 12:12:29,303 [INFO] 127.0.0.1 - - [17/Sep/2025 12:12:29] "[35m[1mPOST /patients/batch-average HTTP/1.1[0m" 500 -
2025-09-17 12:12:29,476 [INFO] BEGIN (implicit)
2025-09-17 12:12:29,477 [INFO] SELECT patients.id AS patients_id, patients.name AS patients_name, patients.age AS patients_age, patients.disease AS patients_disease 
FROM patients
2025-09-17 12:12:29,477 [INFO] [cached since 1.76s ago] ()
2025-09-17 12:12:29,477 [ERROR] Unexpected error in batch_average route
Traceback (most recent call last):
  File "/Users/susama/cisco_py_250909/Project/hms/app/routes.py", line 135, in batch_average
    "overall_average": sum(batch_averages)/len(batch_averages) if batch_averages else 0
                       ~~~^^^^^^^^^^^^^^^^
TypeError: 'float' object is not iterable
2025-09-17 12:12:29,478 [INFO] ROLLBACK
2025-09-17 12:12:29,479 [INFO] 127.0.0.1 - - [17/Sep/2025 12:12:29] "[35m[1mPOST /patients/batch-average HTTP/1.1[0m" 500 -
2025-09-17 12:12:29,659 [INFO] BEGIN (implicit)
2025-09-17 12:12:29,660 [INFO] SELECT patients.id AS patients_id, patients.name AS patients_name, patients.age AS patients_age, patients.disease AS patients_disease 
FROM patients
2025-09-17 12:12:29,660 [INFO] [cached since 1.943s ago] ()
2025-09-17 12:12:29,661 [ERROR] Unexpected error in batch_average route
Traceback (most recent call last):
  File "/Users/susama/cisco_py_250909/Project/hms/app/routes.py", line 135, in batch_average
    "overall_average": sum(batch_averages)/len(batch_averages) if batch_averages else 0
                       ~~~^^^^^^^^^^^^^^^^
TypeError: 'float' object is not iterable
2025-09-17 12:12:29,662 [INFO] ROLLBACK
2025-09-17 12:12:29,662 [INFO] 127.0.0.1 - - [17/Sep/2025 12:12:29] "[35m[1mPOST /patients/batch-average HTTP/1.1[0m" 500 -
2025-09-17 12:12:29,860 [INFO] BEGIN (implicit)
2025-09-17 12:12:29,860 [INFO] SELECT patients.id AS patients_id, patients.name AS patients_name, patients.age AS patients_age, patients.disease AS patients_disease 
FROM patients
2025-09-17 12:12:29,860 [INFO] [cached since 2.144s ago] ()
2025-09-17 12:12:29,861 [ERROR] Unexpected error in batch_average route
Traceback (most recent call last):
  File "/Users/susama/cisco_py_250909/Project/hms/app/routes.py", line 135, in batch_average
    "overall_average": sum(batch_averages)/len(batch_averages) if batch_averages else 0
                       ~~~^^^^^^^^^^^^^^^^
TypeError: 'float' object is not iterable
2025-09-17 12:12:29,862 [INFO] ROLLBACK
2025-09-17 12:12:29,862 [INFO] 127.0.0.1 - - [17/Sep/2025 12:12:29] "[35m[1mPOST /patients/batch-average HTTP/1.1[0m" 500 -
2025-09-17 12:12:36,595 [INFO] BEGIN (implicit)
2025-09-17 12:12:36,598 [INFO] INSERT INTO patients (id, name, age, disease) VALUES (?, ?, ?, ?)
2025-09-17 12:12:36,598 [INFO] [generated in 0.00030s] (6, 'Sinchana', 22, 'Head-ache')
2025-09-17 12:12:36,600 [INFO] ROLLBACK
2025-09-17 12:12:36,600 [WARNING] Duplicate patient ID 6: (sqlite3.IntegrityError) UNIQUE constraint failed: patients.id
[SQL: INSERT INTO patients (id, name, age, disease) VALUES (?, ?, ?, ?)]
[parameters: (6, 'Sinchana', 22, 'Head-ache')]
(Background on this error at: https://sqlalche.me/e/20/gkpj)
2025-09-17 12:12:36,601 [INFO] 127.0.0.1 - - [17/Sep/2025 12:12:36] "[31m[1mPOST /patients HTTP/1.1[0m" 400 -
2025-09-17 12:12:40,890 [INFO] BEGIN (implicit)
2025-09-17 12:12:40,891 [INFO] INSERT INTO patients (id, name, age, disease) VALUES (?, ?, ?, ?)
2025-09-17 12:12:40,891 [INFO] [cached since 4.293s ago] (6, 'Sinchana', 22, 'Head-ache')
2025-09-17 12:12:40,891 [INFO] ROLLBACK
2025-09-17 12:12:40,891 [WARNING] Duplicate patient ID 6: (sqlite3.IntegrityError) UNIQUE constraint failed: patients.id
[SQL: INSERT INTO patients (id, name, age, disease) VALUES (?, ?, ?, ?)]
[parameters: (6, 'Sinchana', 22, 'Head-ache')]
(Background on this error at: https://sqlalche.me/e/20/gkpj)
2025-09-17 12:12:40,892 [INFO] 127.0.0.1 - - [17/Sep/2025 12:12:40] "[31m[1mPOST /patients HTTP/1.1[0m" 400 -
2025-09-17 12:12:41,182 [INFO] BEGIN (implicit)
2025-09-17 12:12:41,183 [INFO] INSERT INTO patients (id, name, age, disease) VALUES (?, ?, ?, ?)
2025-09-17 12:12:41,183 [INFO] [cached since 4.585s ago] (6, 'Sinchana', 22, 'Head-ache')
2025-09-17 12:12:41,183 [INFO] ROLLBACK
2025-09-17 12:12:41,183 [WARNING] Duplicate patient ID 6: (sqlite3.IntegrityError) UNIQUE constraint failed: patients.id
[SQL: INSERT INTO patients (id, name, age, disease) VALUES (?, ?, ?, ?)]
[parameters: (6, 'Sinchana', 22, 'Head-ache')]
(Background on this error at: https://sqlalche.me/e/20/gkpj)
2025-09-17 12:12:41,183 [INFO] 127.0.0.1 - - [17/Sep/2025 12:12:41] "[31m[1mPOST /patients HTTP/1.1[0m" 400 -
2025-09-17 12:12:41,365 [INFO] BEGIN (implicit)
2025-09-17 12:12:41,365 [INFO] INSERT INTO patients (id, name, age, disease) VALUES (?, ?, ?, ?)
2025-09-17 12:12:41,366 [INFO] [cached since 4.768s ago] (6, 'Sinchana', 22, 'Head-ache')
2025-09-17 12:12:41,366 [INFO] ROLLBACK
2025-09-17 12:12:41,366 [WARNING] Duplicate patient ID 6: (sqlite3.IntegrityError) UNIQUE constraint failed: patients.id
[SQL: INSERT INTO patients (id, name, age, disease) VALUES (?, ?, ?, ?)]
[parameters: (6, 'Sinchana', 22, 'Head-ache')]
(Background on this error at: https://sqlalche.me/e/20/gkpj)
2025-09-17 12:12:41,367 [INFO] 127.0.0.1 - - [17/Sep/2025 12:12:41] "[31m[1mPOST /patients HTTP/1.1[0m" 400 -
2025-09-17 12:12:41,560 [INFO] BEGIN (implicit)
2025-09-17 12:12:41,561 [INFO] INSERT INTO patients (id, name, age, disease) VALUES (?, ?, ?, ?)
2025-09-17 12:12:41,561 [INFO] [cached since 4.963s ago] (6, 'Sinchana', 22, 'Head-ache')
2025-09-17 12:12:41,561 [INFO] ROLLBACK
2025-09-17 12:12:41,561 [WARNING] Duplicate patient ID 6: (sqlite3.IntegrityError) UNIQUE constraint failed: patients.id
[SQL: INSERT INTO patients (id, name, age, disease) VALUES (?, ?, ?, ?)]
[parameters: (6, 'Sinchana', 22, 'Head-ache')]
(Background on this error at: https://sqlalche.me/e/20/gkpj)
2025-09-17 12:12:41,562 [INFO] 127.0.0.1 - - [17/Sep/2025 12:12:41] "[31m[1mPOST /patients HTTP/1.1[0m" 400 -
2025-09-17 12:12:41,705 [INFO] BEGIN (implicit)
2025-09-17 12:12:41,706 [INFO] INSERT INTO patients (id, name, age, disease) VALUES (?, ?, ?, ?)
2025-09-17 12:12:41,706 [INFO] [cached since 5.108s ago] (6, 'Sinchana', 22, 'Head-ache')
2025-09-17 12:12:41,706 [INFO] ROLLBACK
2025-09-17 12:12:41,706 [WARNING] Duplicate patient ID 6: (sqlite3.IntegrityError) UNIQUE constraint failed: patients.id
[SQL: INSERT INTO patients (id, name, age, disease) VALUES (?, ?, ?, ?)]
[parameters: (6, 'Sinchana', 22, 'Head-ache')]
(Background on this error at: https://sqlalche.me/e/20/gkpj)
2025-09-17 12:12:41,707 [INFO] 127.0.0.1 - - [17/Sep/2025 12:12:41] "[31m[1mPOST /patients HTTP/1.1[0m" 400 -
2025-09-17 12:12:44,584 [INFO] BEGIN (implicit)
2025-09-17 12:12:44,585 [INFO] SELECT patients.id AS patients_id, patients.name AS patients_name, patients.age AS patients_age, patients.disease AS patients_disease 
FROM patients
2025-09-17 12:12:44,585 [INFO] [cached since 16.87s ago] ()
2025-09-17 12:12:44,586 [INFO] ROLLBACK
2025-09-17 12:12:44,586 [INFO] 127.0.0.1 - - [17/Sep/2025 12:12:44] "GET /patients HTTP/1.1" 200 -
2025-09-17 12:17:59,359 [INFO] BEGIN (implicit)
2025-09-17 12:17:59,359 [INFO] PRAGMA main.table_info("patients")
2025-09-17 12:17:59,359 [INFO] [raw sql] ()
2025-09-17 12:17:59,360 [INFO] COMMIT
2025-09-17 12:17:59,399 [INFO] [31m[1mWARNING: This is a development server. Do not use it in a production deployment. Use a production WSGI server instead.[0m
 * Running on all addresses (0.0.0.0)
 * Running on http://127.0.0.1:5001
 * Running on http://10.233.0.225:5001
2025-09-17 12:17:59,399 [INFO] [33mPress CTRL+C to quit[0m
2025-09-17 12:17:59,400 [INFO]  * Restarting with stat
2025-09-17 12:17:59,617 [INFO] BEGIN (implicit)
2025-09-17 12:17:59,617 [INFO] PRAGMA main.table_info("patients")
2025-09-17 12:17:59,617 [INFO] [raw sql] ()
2025-09-17 12:17:59,617 [INFO] COMMIT
2025-09-17 12:17:59,635 [WARNING]  * Debugger is active!
2025-09-17 12:17:59,651 [INFO]  * Debugger PIN: 739-087-724
2025-09-17 12:18:06,449 [INFO] BEGIN (implicit)
2025-09-17 12:18:06,453 [INFO] SELECT patients.id AS patients_id, patients.name AS patients_name, patients.age AS patients_age, patients.disease AS patients_disease 
FROM patients
2025-09-17 12:18:06,453 [INFO] [generated in 0.00034s] ()
2025-09-17 12:18:06,454 [INFO] ROLLBACK
2025-09-17 12:18:06,454 [INFO] 127.0.0.1 - - [17/Sep/2025 12:18:06] "GET /patients HTTP/1.1" 200 -
2025-09-17 12:18:24,912 [INFO] BEGIN (implicit)
2025-09-17 12:18:24,914 [INFO] SELECT patients.id AS patients_id, patients.name AS patients_name, patients.age AS patients_age, patients.disease AS patients_disease 
FROM patients
2025-09-17 12:18:24,914 [INFO] [cached since 18.46s ago] ()
2025-09-17 12:18:24,915 [INFO] ROLLBACK
2025-09-17 12:18:24,916 [INFO] 127.0.0.1 - - [17/Sep/2025 12:18:24] "POST /patients/batch-average HTTP/1.1" 200 -
