2025-09-16 21:13:28,019 [INFO] BEGIN (implicit)
2025-09-16 21:13:28,019 [INFO] COMMIT
2025-09-16 21:22:37,784 [INFO] BEGIN (implicit)
2025-09-16 21:22:37,784 [INFO] COMMIT
2025-09-16 21:23:48,700 [INFO] BEGIN (implicit)
2025-09-16 21:23:48,700 [INFO] COMMIT
2025-09-16 21:24:59,371 [INFO] BEGIN (implicit)
2025-09-16 21:24:59,372 [INFO] COMMIT
2025-09-17 12:19:24,132 [INFO] BEGIN (implicit)
2025-09-17 12:19:24,132 [INFO] PRAGMA main.table_info("patients")
2025-09-17 12:19:24,132 [INFO] [raw sql] ()
2025-09-17 12:19:24,132 [INFO] PRAGMA temp.table_info("patients")
2025-09-17 12:19:24,132 [INFO] [raw sql] ()
2025-09-17 12:19:24,133 [INFO] 
CREATE TABLE patients (
	id INTEGER NOT NULL, 
	name VARCHAR(255) NOT NULL, 
	age INTEGER NOT NULL, 
	disease VARCHAR(255) NOT NULL, 
	PRIMARY KEY (id)
)


2025-09-17 12:19:24,133 [INFO] [no key 0.00005s] ()
2025-09-17 12:19:24,133 [INFO] COMMIT
